2015-08-13 11:10:14 WARN  HibernatePersistence:58 - HHH015016: Encountered a deprecated javax.persistence.spi.PersistenceProvider [org.hibernate.ejb.HibernatePersistence]; use [org.hibernate.jpa.HibernatePersistenceProvider] instead.
2015-08-13 11:10:14 WARN  HibernatePersistence:58 - HHH015016: Encountered a deprecated javax.persistence.spi.PersistenceProvider [org.hibernate.ejb.HibernatePersistence]; use [org.hibernate.jpa.HibernatePersistenceProvider] instead.
2015-08-13 11:10:14 WARN  HibernatePersistence:58 - HHH015016: Encountered a deprecated javax.persistence.spi.PersistenceProvider [org.hibernate.ejb.HibernatePersistence]; use [org.hibernate.jpa.HibernatePersistenceProvider] instead.
2015-08-13 11:10:15 INFO  LogHelper:46 - HHH000204: Processing PersistenceUnitInfo [
	name: EcarePU
	...]
2015-08-13 11:10:15 INFO  Version:54 - HHH000412: Hibernate Core {4.3.10.Final}
2015-08-13 11:10:15 INFO  Environment:239 - HHH000206: hibernate.properties not found
2015-08-13 11:10:15 INFO  Environment:346 - HHH000021: Bytecode provider name : javassist
2015-08-13 11:10:18 INFO  Version:66 - HCANN000001: Hibernate Commons Annotations {4.0.5.Final}
2015-08-13 11:10:18 WARN  DriverManagerConnectionProviderImpl:93 - HHH000402: Using Hibernate built-in connection pool (not for production use!)
2015-08-13 11:10:18 INFO  DriverManagerConnectionProviderImpl:166 - HHH000401: using driver [com.mysql.jdbc.Driver] at URL [jdbc:mysql://localhost:3306/ecareis]
2015-08-13 11:10:18 INFO  DriverManagerConnectionProviderImpl:175 - HHH000046: Connection properties: {user=root, password=****}
2015-08-13 11:10:18 INFO  DriverManagerConnectionProviderImpl:180 - HHH000006: Autocommit mode: false
2015-08-13 11:10:18 INFO  DriverManagerConnectionProviderImpl:102 - HHH000115: Hibernate connection pool size: 20 (min=1)
2015-08-13 11:10:21 INFO  Dialect:145 - HHH000400: Using dialect: org.hibernate.dialect.MySQL5Dialect
2015-08-13 11:10:22 INFO  ASTQueryTranslatorFactory:47 - HHH000397: Using ASTQueryTranslatorFactory
2015-08-13 11:10:22 INFO  Version:27 - HV000001: Hibernate Validator 5.1.3.Final
2015-08-13 11:11:24 WARN  HibernatePersistence:58 - HHH015016: Encountered a deprecated javax.persistence.spi.PersistenceProvider [org.hibernate.ejb.HibernatePersistence]; use [org.hibernate.jpa.HibernatePersistenceProvider] instead.
2015-08-13 11:11:24 WARN  HibernatePersistence:58 - HHH015016: Encountered a deprecated javax.persistence.spi.PersistenceProvider [org.hibernate.ejb.HibernatePersistence]; use [org.hibernate.jpa.HibernatePersistenceProvider] instead.
2015-08-13 11:11:24 WARN  HibernatePersistence:58 - HHH015016: Encountered a deprecated javax.persistence.spi.PersistenceProvider [org.hibernate.ejb.HibernatePersistence]; use [org.hibernate.jpa.HibernatePersistenceProvider] instead.
2015-08-13 11:11:24 INFO  LogHelper:46 - HHH000204: Processing PersistenceUnitInfo [
	name: EcarePU
	...]
2015-08-13 11:11:25 INFO  Version:54 - HHH000412: Hibernate Core {4.3.10.Final}
2015-08-13 11:11:25 INFO  Environment:239 - HHH000206: hibernate.properties not found
2015-08-13 11:11:25 INFO  Environment:346 - HHH000021: Bytecode provider name : javassist
2015-08-13 11:11:26 INFO  Version:66 - HCANN000001: Hibernate Commons Annotations {4.0.5.Final}
2015-08-13 11:11:26 WARN  DriverManagerConnectionProviderImpl:93 - HHH000402: Using Hibernate built-in connection pool (not for production use!)
2015-08-13 11:11:26 INFO  DriverManagerConnectionProviderImpl:166 - HHH000401: using driver [com.mysql.jdbc.Driver] at URL [jdbc:mysql://localhost:3306/ecareis]
2015-08-13 11:11:26 INFO  DriverManagerConnectionProviderImpl:175 - HHH000046: Connection properties: {user=root, password=****}
2015-08-13 11:11:26 INFO  DriverManagerConnectionProviderImpl:180 - HHH000006: Autocommit mode: false
2015-08-13 11:11:26 INFO  DriverManagerConnectionProviderImpl:102 - HHH000115: Hibernate connection pool size: 20 (min=1)
2015-08-13 11:11:29 INFO  Dialect:145 - HHH000400: Using dialect: org.hibernate.dialect.MySQL5Dialect
2015-08-13 11:11:30 INFO  ASTQueryTranslatorFactory:47 - HHH000397: Using ASTQueryTranslatorFactory
2015-08-13 11:11:31 INFO  Version:27 - HV000001: Hibernate Validator 5.1.3.Final
2015-08-13 11:12:34 WARN  HibernatePersistence:58 - HHH015016: Encountered a deprecated javax.persistence.spi.PersistenceProvider [org.hibernate.ejb.HibernatePersistence]; use [org.hibernate.jpa.HibernatePersistenceProvider] instead.
2015-08-13 11:12:34 WARN  HibernatePersistence:58 - HHH015016: Encountered a deprecated javax.persistence.spi.PersistenceProvider [org.hibernate.ejb.HibernatePersistence]; use [org.hibernate.jpa.HibernatePersistenceProvider] instead.
2015-08-13 11:12:34 WARN  HibernatePersistence:58 - HHH015016: Encountered a deprecated javax.persistence.spi.PersistenceProvider [org.hibernate.ejb.HibernatePersistence]; use [org.hibernate.jpa.HibernatePersistenceProvider] instead.
2015-08-13 11:12:35 INFO  LogHelper:46 - HHH000204: Processing PersistenceUnitInfo [
	name: EcarePU
	...]
2015-08-13 11:12:35 INFO  Version:54 - HHH000412: Hibernate Core {4.3.10.Final}
2015-08-13 11:12:35 INFO  Environment:239 - HHH000206: hibernate.properties not found
2015-08-13 11:12:35 INFO  Environment:346 - HHH000021: Bytecode provider name : javassist
2015-08-13 11:12:36 INFO  Version:66 - HCANN000001: Hibernate Commons Annotations {4.0.5.Final}
2015-08-13 11:12:37 WARN  DriverManagerConnectionProviderImpl:93 - HHH000402: Using Hibernate built-in connection pool (not for production use!)
2015-08-13 11:12:37 INFO  DriverManagerConnectionProviderImpl:166 - HHH000401: using driver [com.mysql.jdbc.Driver] at URL [jdbc:mysql://localhost:3306/ecareis]
2015-08-13 11:12:37 INFO  DriverManagerConnectionProviderImpl:175 - HHH000046: Connection properties: {user=root, password=****}
2015-08-13 11:12:37 INFO  DriverManagerConnectionProviderImpl:180 - HHH000006: Autocommit mode: false
2015-08-13 11:12:37 INFO  DriverManagerConnectionProviderImpl:102 - HHH000115: Hibernate connection pool size: 20 (min=1)
2015-08-13 11:12:38 INFO  Dialect:145 - HHH000400: Using dialect: org.hibernate.dialect.MySQL5Dialect
2015-08-13 11:12:40 INFO  ASTQueryTranslatorFactory:47 - HHH000397: Using ASTQueryTranslatorFactory
2015-08-13 11:12:40 INFO  Version:27 - HV000001: Hibernate Validator 5.1.3.Final
2015-08-13 11:13:43 WARN  HibernatePersistence:58 - HHH015016: Encountered a deprecated javax.persistence.spi.PersistenceProvider [org.hibernate.ejb.HibernatePersistence]; use [org.hibernate.jpa.HibernatePersistenceProvider] instead.
2015-08-13 11:13:43 WARN  HibernatePersistence:58 - HHH015016: Encountered a deprecated javax.persistence.spi.PersistenceProvider [org.hibernate.ejb.HibernatePersistence]; use [org.hibernate.jpa.HibernatePersistenceProvider] instead.
2015-08-13 11:13:43 WARN  HibernatePersistence:58 - HHH015016: Encountered a deprecated javax.persistence.spi.PersistenceProvider [org.hibernate.ejb.HibernatePersistence]; use [org.hibernate.jpa.HibernatePersistenceProvider] instead.
2015-08-13 11:13:44 INFO  LogHelper:46 - HHH000204: Processing PersistenceUnitInfo [
	name: EcarePU
	...]
2015-08-13 11:13:44 INFO  Version:54 - HHH000412: Hibernate Core {4.3.10.Final}
2015-08-13 11:13:44 INFO  Environment:239 - HHH000206: hibernate.properties not found
2015-08-13 11:13:44 INFO  Environment:346 - HHH000021: Bytecode provider name : javassist
2015-08-13 11:13:45 INFO  Version:66 - HCANN000001: Hibernate Commons Annotations {4.0.5.Final}
2015-08-13 11:13:45 WARN  DriverManagerConnectionProviderImpl:93 - HHH000402: Using Hibernate built-in connection pool (not for production use!)
2015-08-13 11:13:45 INFO  DriverManagerConnectionProviderImpl:166 - HHH000401: using driver [com.mysql.jdbc.Driver] at URL [jdbc:mysql://localhost:3306/ecareis]
2015-08-13 11:13:45 INFO  DriverManagerConnectionProviderImpl:175 - HHH000046: Connection properties: {user=root, password=****}
2015-08-13 11:13:45 INFO  DriverManagerConnectionProviderImpl:180 - HHH000006: Autocommit mode: false
2015-08-13 11:13:45 INFO  DriverManagerConnectionProviderImpl:102 - HHH000115: Hibernate connection pool size: 20 (min=1)
2015-08-13 11:13:47 INFO  Dialect:145 - HHH000400: Using dialect: org.hibernate.dialect.MySQL5Dialect
2015-08-13 11:13:49 INFO  ASTQueryTranslatorFactory:47 - HHH000397: Using ASTQueryTranslatorFactory
2015-08-13 11:13:49 INFO  Version:27 - HV000001: Hibernate Validator 5.1.3.Final
2015-08-13 11:14:35 WARN  HibernatePersistence:58 - HHH015016: Encountered a deprecated javax.persistence.spi.PersistenceProvider [org.hibernate.ejb.HibernatePersistence]; use [org.hibernate.jpa.HibernatePersistenceProvider] instead.
2015-08-13 11:14:35 WARN  HibernatePersistence:58 - HHH015016: Encountered a deprecated javax.persistence.spi.PersistenceProvider [org.hibernate.ejb.HibernatePersistence]; use [org.hibernate.jpa.HibernatePersistenceProvider] instead.
2015-08-13 11:14:35 WARN  HibernatePersistence:58 - HHH015016: Encountered a deprecated javax.persistence.spi.PersistenceProvider [org.hibernate.ejb.HibernatePersistence]; use [org.hibernate.jpa.HibernatePersistenceProvider] instead.
2015-08-13 11:14:35 INFO  LogHelper:46 - HHH000204: Processing PersistenceUnitInfo [
	name: EcarePU
	...]
2015-08-13 11:14:36 INFO  Version:54 - HHH000412: Hibernate Core {4.3.10.Final}
2015-08-13 11:14:36 INFO  Environment:239 - HHH000206: hibernate.properties not found
2015-08-13 11:14:36 INFO  Environment:346 - HHH000021: Bytecode provider name : javassist
2015-08-13 11:14:37 INFO  Version:66 - HCANN000001: Hibernate Commons Annotations {4.0.5.Final}
2015-08-13 11:14:37 WARN  DriverManagerConnectionProviderImpl:93 - HHH000402: Using Hibernate built-in connection pool (not for production use!)
2015-08-13 11:14:37 INFO  DriverManagerConnectionProviderImpl:166 - HHH000401: using driver [com.mysql.jdbc.Driver] at URL [jdbc:mysql://localhost:3306/ecareis]
2015-08-13 11:14:37 INFO  DriverManagerConnectionProviderImpl:175 - HHH000046: Connection properties: {user=root, password=****}
2015-08-13 11:14:37 INFO  DriverManagerConnectionProviderImpl:180 - HHH000006: Autocommit mode: false
2015-08-13 11:14:37 INFO  DriverManagerConnectionProviderImpl:102 - HHH000115: Hibernate connection pool size: 20 (min=1)
2015-08-13 11:14:39 INFO  Dialect:145 - HHH000400: Using dialect: org.hibernate.dialect.MySQL5Dialect
2015-08-13 11:14:40 INFO  ASTQueryTranslatorFactory:47 - HHH000397: Using ASTQueryTranslatorFactory
2015-08-13 11:14:40 INFO  Version:27 - HV000001: Hibernate Validator 5.1.3.Final
2015-08-13 11:21:38 WARN  HibernatePersistence:58 - HHH015016: Encountered a deprecated javax.persistence.spi.PersistenceProvider [org.hibernate.ejb.HibernatePersistence]; use [org.hibernate.jpa.HibernatePersistenceProvider] instead.
2015-08-13 11:21:38 WARN  HibernatePersistence:58 - HHH015016: Encountered a deprecated javax.persistence.spi.PersistenceProvider [org.hibernate.ejb.HibernatePersistence]; use [org.hibernate.jpa.HibernatePersistenceProvider] instead.
2015-08-13 11:21:38 WARN  HibernatePersistence:58 - HHH015016: Encountered a deprecated javax.persistence.spi.PersistenceProvider [org.hibernate.ejb.HibernatePersistence]; use [org.hibernate.jpa.HibernatePersistenceProvider] instead.
2015-08-13 11:21:38 INFO  LogHelper:46 - HHH000204: Processing PersistenceUnitInfo [
	name: EcarePU
	...]
2015-08-13 11:21:39 INFO  Version:54 - HHH000412: Hibernate Core {4.3.10.Final}
2015-08-13 11:21:39 INFO  Environment:239 - HHH000206: hibernate.properties not found
2015-08-13 11:21:39 INFO  Environment:346 - HHH000021: Bytecode provider name : javassist
2015-08-13 11:21:40 INFO  Version:66 - HCANN000001: Hibernate Commons Annotations {4.0.5.Final}
2015-08-13 11:21:40 WARN  DriverManagerConnectionProviderImpl:93 - HHH000402: Using Hibernate built-in connection pool (not for production use!)
2015-08-13 11:21:40 INFO  DriverManagerConnectionProviderImpl:166 - HHH000401: using driver [com.mysql.jdbc.Driver] at URL [jdbc:mysql://localhost:3306/ecareis]
2015-08-13 11:21:40 INFO  DriverManagerConnectionProviderImpl:175 - HHH000046: Connection properties: {user=root, password=****}
2015-08-13 11:21:40 INFO  DriverManagerConnectionProviderImpl:180 - HHH000006: Autocommit mode: false
2015-08-13 11:21:40 INFO  DriverManagerConnectionProviderImpl:102 - HHH000115: Hibernate connection pool size: 20 (min=1)
2015-08-13 11:21:43 INFO  Dialect:145 - HHH000400: Using dialect: org.hibernate.dialect.MySQL5Dialect
2015-08-13 11:21:44 INFO  ASTQueryTranslatorFactory:47 - HHH000397: Using ASTQueryTranslatorFactory
2015-08-13 11:21:45 INFO  Version:27 - HV000001: Hibernate Validator 5.1.3.Final
2015-08-13 11:22:08 WARN  HibernatePersistence:58 - HHH015016: Encountered a deprecated javax.persistence.spi.PersistenceProvider [org.hibernate.ejb.HibernatePersistence]; use [org.hibernate.jpa.HibernatePersistenceProvider] instead.
2015-08-13 11:22:08 WARN  HibernatePersistence:58 - HHH015016: Encountered a deprecated javax.persistence.spi.PersistenceProvider [org.hibernate.ejb.HibernatePersistence]; use [org.hibernate.jpa.HibernatePersistenceProvider] instead.
2015-08-13 11:22:08 WARN  HibernatePersistence:58 - HHH015016: Encountered a deprecated javax.persistence.spi.PersistenceProvider [org.hibernate.ejb.HibernatePersistence]; use [org.hibernate.jpa.HibernatePersistenceProvider] instead.
2015-08-13 11:22:08 INFO  LogHelper:46 - HHH000204: Processing PersistenceUnitInfo [
	name: EcarePU
	...]
2015-08-13 11:22:09 INFO  Version:54 - HHH000412: Hibernate Core {4.3.10.Final}
2015-08-13 11:22:09 INFO  Environment:239 - HHH000206: hibernate.properties not found
2015-08-13 11:22:09 INFO  Environment:346 - HHH000021: Bytecode provider name : javassist
2015-08-13 11:22:10 INFO  Version:66 - HCANN000001: Hibernate Commons Annotations {4.0.5.Final}
2015-08-13 11:22:10 WARN  DriverManagerConnectionProviderImpl:93 - HHH000402: Using Hibernate built-in connection pool (not for production use!)
2015-08-13 11:22:10 INFO  DriverManagerConnectionProviderImpl:166 - HHH000401: using driver [com.mysql.jdbc.Driver] at URL [jdbc:mysql://localhost:3306/ecareis]
2015-08-13 11:22:10 INFO  DriverManagerConnectionProviderImpl:175 - HHH000046: Connection properties: {user=root, password=****}
2015-08-13 11:22:10 INFO  DriverManagerConnectionProviderImpl:180 - HHH000006: Autocommit mode: false
2015-08-13 11:22:10 INFO  DriverManagerConnectionProviderImpl:102 - HHH000115: Hibernate connection pool size: 20 (min=1)
2015-08-13 11:22:11 INFO  Dialect:145 - HHH000400: Using dialect: org.hibernate.dialect.MySQL5Dialect
2015-08-13 11:22:13 INFO  ASTQueryTranslatorFactory:47 - HHH000397: Using ASTQueryTranslatorFactory
2015-08-13 11:22:13 INFO  Version:27 - HV000001: Hibernate Validator 5.1.3.Final
2015-08-13 11:25:33 WARN  HibernatePersistence:58 - HHH015016: Encountered a deprecated javax.persistence.spi.PersistenceProvider [org.hibernate.ejb.HibernatePersistence]; use [org.hibernate.jpa.HibernatePersistenceProvider] instead.
2015-08-13 11:25:33 WARN  HibernatePersistence:58 - HHH015016: Encountered a deprecated javax.persistence.spi.PersistenceProvider [org.hibernate.ejb.HibernatePersistence]; use [org.hibernate.jpa.HibernatePersistenceProvider] instead.
2015-08-13 11:25:33 WARN  HibernatePersistence:58 - HHH015016: Encountered a deprecated javax.persistence.spi.PersistenceProvider [org.hibernate.ejb.HibernatePersistence]; use [org.hibernate.jpa.HibernatePersistenceProvider] instead.
2015-08-13 11:25:33 INFO  LogHelper:46 - HHH000204: Processing PersistenceUnitInfo [
	name: EcarePU
	...]
2015-08-13 11:25:34 INFO  Version:54 - HHH000412: Hibernate Core {4.3.10.Final}
2015-08-13 11:25:34 INFO  Environment:239 - HHH000206: hibernate.properties not found
2015-08-13 11:25:34 INFO  Environment:346 - HHH000021: Bytecode provider name : javassist
2015-08-13 11:25:35 INFO  Version:66 - HCANN000001: Hibernate Commons Annotations {4.0.5.Final}
2015-08-13 11:25:35 WARN  DriverManagerConnectionProviderImpl:93 - HHH000402: Using Hibernate built-in connection pool (not for production use!)
2015-08-13 11:25:35 INFO  DriverManagerConnectionProviderImpl:166 - HHH000401: using driver [com.mysql.jdbc.Driver] at URL [jdbc:mysql://localhost:3306/ecareis]
2015-08-13 11:25:35 INFO  DriverManagerConnectionProviderImpl:175 - HHH000046: Connection properties: {user=root, password=****}
2015-08-13 11:25:35 INFO  DriverManagerConnectionProviderImpl:180 - HHH000006: Autocommit mode: false
2015-08-13 11:25:35 INFO  DriverManagerConnectionProviderImpl:102 - HHH000115: Hibernate connection pool size: 20 (min=1)
2015-08-13 11:25:37 INFO  Dialect:145 - HHH000400: Using dialect: org.hibernate.dialect.MySQL5Dialect
2015-08-13 11:25:38 INFO  ASTQueryTranslatorFactory:47 - HHH000397: Using ASTQueryTranslatorFactory
2015-08-13 11:25:38 INFO  Version:27 - HV000001: Hibernate Validator 5.1.3.Final
2015-08-13 11:25:41 INFO  DriverManagerConnectionProviderImpl:281 - HHH000030: Cleaning up connection pool [jdbc:mysql://localhost:3306/ecareis]
2015-08-13 11:30:12 WARN  HibernatePersistence:58 - HHH015016: Encountered a deprecated javax.persistence.spi.PersistenceProvider [org.hibernate.ejb.HibernatePersistence]; use [org.hibernate.jpa.HibernatePersistenceProvider] instead.
2015-08-13 11:30:12 WARN  HibernatePersistence:58 - HHH015016: Encountered a deprecated javax.persistence.spi.PersistenceProvider [org.hibernate.ejb.HibernatePersistence]; use [org.hibernate.jpa.HibernatePersistenceProvider] instead.
2015-08-13 11:30:12 WARN  HibernatePersistence:58 - HHH015016: Encountered a deprecated javax.persistence.spi.PersistenceProvider [org.hibernate.ejb.HibernatePersistence]; use [org.hibernate.jpa.HibernatePersistenceProvider] instead.
2015-08-13 11:30:12 INFO  LogHelper:46 - HHH000204: Processing PersistenceUnitInfo [
	name: EcarePU
	...]
2015-08-13 11:30:13 INFO  Version:54 - HHH000412: Hibernate Core {4.3.10.Final}
2015-08-13 11:30:13 INFO  Environment:239 - HHH000206: hibernate.properties not found
2015-08-13 11:30:13 INFO  Environment:346 - HHH000021: Bytecode provider name : javassist
2015-08-13 11:30:14 INFO  Version:66 - HCANN000001: Hibernate Commons Annotations {4.0.5.Final}
2015-08-13 11:30:15 WARN  DriverManagerConnectionProviderImpl:93 - HHH000402: Using Hibernate built-in connection pool (not for production use!)
2015-08-13 11:30:15 INFO  DriverManagerConnectionProviderImpl:166 - HHH000401: using driver [com.mysql.jdbc.Driver] at URL [jdbc:mysql://localhost:3306/ecareis]
2015-08-13 11:30:15 INFO  DriverManagerConnectionProviderImpl:175 - HHH000046: Connection properties: {user=root, password=****}
2015-08-13 11:30:15 INFO  DriverManagerConnectionProviderImpl:180 - HHH000006: Autocommit mode: false
2015-08-13 11:30:15 INFO  DriverManagerConnectionProviderImpl:102 - HHH000115: Hibernate connection pool size: 20 (min=1)
2015-08-13 11:30:17 INFO  Dialect:145 - HHH000400: Using dialect: org.hibernate.dialect.MySQL5Dialect
2015-08-13 11:30:18 INFO  ASTQueryTranslatorFactory:47 - HHH000397: Using ASTQueryTranslatorFactory
2015-08-13 11:30:18 INFO  Version:27 - HV000001: Hibernate Validator 5.1.3.Final
2015-08-13 11:31:11 WARN  HibernatePersistence:58 - HHH015016: Encountered a deprecated javax.persistence.spi.PersistenceProvider [org.hibernate.ejb.HibernatePersistence]; use [org.hibernate.jpa.HibernatePersistenceProvider] instead.
2015-08-13 11:31:11 WARN  HibernatePersistence:58 - HHH015016: Encountered a deprecated javax.persistence.spi.PersistenceProvider [org.hibernate.ejb.HibernatePersistence]; use [org.hibernate.jpa.HibernatePersistenceProvider] instead.
2015-08-13 11:31:11 WARN  HibernatePersistence:58 - HHH015016: Encountered a deprecated javax.persistence.spi.PersistenceProvider [org.hibernate.ejb.HibernatePersistence]; use [org.hibernate.jpa.HibernatePersistenceProvider] instead.
2015-08-13 11:31:12 INFO  LogHelper:46 - HHH000204: Processing PersistenceUnitInfo [
	name: EcarePU
	...]
2015-08-13 11:31:12 INFO  Version:54 - HHH000412: Hibernate Core {4.3.10.Final}
2015-08-13 11:31:12 INFO  Environment:239 - HHH000206: hibernate.properties not found
2015-08-13 11:31:12 INFO  Environment:346 - HHH000021: Bytecode provider name : javassist
2015-08-13 11:31:13 INFO  Version:66 - HCANN000001: Hibernate Commons Annotations {4.0.5.Final}
2015-08-13 11:31:13 WARN  DriverManagerConnectionProviderImpl:93 - HHH000402: Using Hibernate built-in connection pool (not for production use!)
2015-08-13 11:31:13 INFO  DriverManagerConnectionProviderImpl:166 - HHH000401: using driver [com.mysql.jdbc.Driver] at URL [jdbc:mysql://localhost:3306/ecareis]
2015-08-13 11:31:13 INFO  DriverManagerConnectionProviderImpl:175 - HHH000046: Connection properties: {user=root, password=****}
2015-08-13 11:31:13 INFO  DriverManagerConnectionProviderImpl:180 - HHH000006: Autocommit mode: false
2015-08-13 11:31:13 INFO  DriverManagerConnectionProviderImpl:102 - HHH000115: Hibernate connection pool size: 20 (min=1)
2015-08-13 11:31:15 INFO  Dialect:145 - HHH000400: Using dialect: org.hibernate.dialect.MySQL5Dialect
2015-08-13 11:31:17 INFO  ASTQueryTranslatorFactory:47 - HHH000397: Using ASTQueryTranslatorFactory
2015-08-13 11:31:17 INFO  Version:27 - HV000001: Hibernate Validator 5.1.3.Final
2015-08-13 11:31:21 INFO  DriverManagerConnectionProviderImpl:281 - HHH000030: Cleaning up connection pool [jdbc:mysql://localhost:3306/ecareis]
2015-08-13 11:31:42 WARN  HibernatePersistence:58 - HHH015016: Encountered a deprecated javax.persistence.spi.PersistenceProvider [org.hibernate.ejb.HibernatePersistence]; use [org.hibernate.jpa.HibernatePersistenceProvider] instead.
2015-08-13 11:31:42 WARN  HibernatePersistence:58 - HHH015016: Encountered a deprecated javax.persistence.spi.PersistenceProvider [org.hibernate.ejb.HibernatePersistence]; use [org.hibernate.jpa.HibernatePersistenceProvider] instead.
2015-08-13 11:31:42 WARN  HibernatePersistence:58 - HHH015016: Encountered a deprecated javax.persistence.spi.PersistenceProvider [org.hibernate.ejb.HibernatePersistence]; use [org.hibernate.jpa.HibernatePersistenceProvider] instead.
2015-08-13 11:31:43 INFO  LogHelper:46 - HHH000204: Processing PersistenceUnitInfo [
	name: EcarePU
	...]
2015-08-13 11:31:43 INFO  Version:54 - HHH000412: Hibernate Core {4.3.10.Final}
2015-08-13 11:31:43 INFO  Environment:239 - HHH000206: hibernate.properties not found
2015-08-13 11:31:43 INFO  Environment:346 - HHH000021: Bytecode provider name : javassist
2015-08-13 11:31:44 INFO  Version:66 - HCANN000001: Hibernate Commons Annotations {4.0.5.Final}
2015-08-13 11:31:44 WARN  DriverManagerConnectionProviderImpl:93 - HHH000402: Using Hibernate built-in connection pool (not for production use!)
2015-08-13 11:31:44 INFO  DriverManagerConnectionProviderImpl:166 - HHH000401: using driver [com.mysql.jdbc.Driver] at URL [jdbc:mysql://localhost:3306/ecareis]
2015-08-13 11:31:44 INFO  DriverManagerConnectionProviderImpl:175 - HHH000046: Connection properties: {user=root, password=****}
2015-08-13 11:31:44 INFO  DriverManagerConnectionProviderImpl:180 - HHH000006: Autocommit mode: false
2015-08-13 11:31:44 INFO  DriverManagerConnectionProviderImpl:102 - HHH000115: Hibernate connection pool size: 20 (min=1)
2015-08-13 11:31:46 INFO  Dialect:145 - HHH000400: Using dialect: org.hibernate.dialect.MySQL5Dialect
2015-08-13 11:31:47 INFO  ASTQueryTranslatorFactory:47 - HHH000397: Using ASTQueryTranslatorFactory
2015-08-13 11:31:48 INFO  Version:27 - HV000001: Hibernate Validator 5.1.3.Final
2015-08-13 11:31:51 INFO  DriverManagerConnectionProviderImpl:281 - HHH000030: Cleaning up connection pool [jdbc:mysql://localhost:3306/ecareis]
2015-08-13 11:41:35 WARN  HibernatePersistence:58 - HHH015016: Encountered a deprecated javax.persistence.spi.PersistenceProvider [org.hibernate.ejb.HibernatePersistence]; use [org.hibernate.jpa.HibernatePersistenceProvider] instead.
2015-08-13 11:41:35 WARN  HibernatePersistence:58 - HHH015016: Encountered a deprecated javax.persistence.spi.PersistenceProvider [org.hibernate.ejb.HibernatePersistence]; use [org.hibernate.jpa.HibernatePersistenceProvider] instead.
2015-08-13 11:41:35 WARN  HibernatePersistence:58 - HHH015016: Encountered a deprecated javax.persistence.spi.PersistenceProvider [org.hibernate.ejb.HibernatePersistence]; use [org.hibernate.jpa.HibernatePersistenceProvider] instead.
2015-08-13 11:41:36 INFO  LogHelper:46 - HHH000204: Processing PersistenceUnitInfo [
	name: EcarePU
	...]
2015-08-13 11:41:36 INFO  Version:54 - HHH000412: Hibernate Core {4.3.10.Final}
2015-08-13 11:41:36 INFO  Environment:239 - HHH000206: hibernate.properties not found
2015-08-13 11:41:36 INFO  Environment:346 - HHH000021: Bytecode provider name : javassist
2015-08-13 11:41:37 INFO  Version:66 - HCANN000001: Hibernate Commons Annotations {4.0.5.Final}
2015-08-13 11:41:38 WARN  DriverManagerConnectionProviderImpl:93 - HHH000402: Using Hibernate built-in connection pool (not for production use!)
2015-08-13 11:41:38 INFO  DriverManagerConnectionProviderImpl:166 - HHH000401: using driver [com.mysql.jdbc.Driver] at URL [jdbc:mysql://localhost:3306/ecareis]
2015-08-13 11:41:38 INFO  DriverManagerConnectionProviderImpl:175 - HHH000046: Connection properties: {user=root, password=****}
2015-08-13 11:41:38 INFO  DriverManagerConnectionProviderImpl:180 - HHH000006: Autocommit mode: false
2015-08-13 11:41:38 INFO  DriverManagerConnectionProviderImpl:102 - HHH000115: Hibernate connection pool size: 20 (min=1)
2015-08-13 11:41:40 INFO  Dialect:145 - HHH000400: Using dialect: org.hibernate.dialect.MySQL5Dialect
2015-08-13 11:41:41 INFO  ASTQueryTranslatorFactory:47 - HHH000397: Using ASTQueryTranslatorFactory
2015-08-13 11:41:41 INFO  Version:27 - HV000001: Hibernate Validator 5.1.3.Final
2015-08-13 11:44:54 WARN  HibernatePersistence:58 - HHH015016: Encountered a deprecated javax.persistence.spi.PersistenceProvider [org.hibernate.ejb.HibernatePersistence]; use [org.hibernate.jpa.HibernatePersistenceProvider] instead.
2015-08-13 11:44:54 WARN  HibernatePersistence:58 - HHH015016: Encountered a deprecated javax.persistence.spi.PersistenceProvider [org.hibernate.ejb.HibernatePersistence]; use [org.hibernate.jpa.HibernatePersistenceProvider] instead.
2015-08-13 11:44:54 WARN  HibernatePersistence:58 - HHH015016: Encountered a deprecated javax.persistence.spi.PersistenceProvider [org.hibernate.ejb.HibernatePersistence]; use [org.hibernate.jpa.HibernatePersistenceProvider] instead.
2015-08-13 11:44:55 INFO  LogHelper:46 - HHH000204: Processing PersistenceUnitInfo [
	name: EcarePU
	...]
2015-08-13 11:44:55 INFO  Version:54 - HHH000412: Hibernate Core {4.3.10.Final}
2015-08-13 11:44:55 INFO  Environment:239 - HHH000206: hibernate.properties not found
2015-08-13 11:44:55 INFO  Environment:346 - HHH000021: Bytecode provider name : javassist
2015-08-13 11:44:56 INFO  Version:66 - HCANN000001: Hibernate Commons Annotations {4.0.5.Final}
2015-08-13 11:44:56 WARN  DriverManagerConnectionProviderImpl:93 - HHH000402: Using Hibernate built-in connection pool (not for production use!)
2015-08-13 11:44:56 INFO  DriverManagerConnectionProviderImpl:166 - HHH000401: using driver [com.mysql.jdbc.Driver] at URL [jdbc:mysql://localhost:3306/ecareis]
2015-08-13 11:44:56 INFO  DriverManagerConnectionProviderImpl:175 - HHH000046: Connection properties: {user=root, password=****}
2015-08-13 11:44:56 INFO  DriverManagerConnectionProviderImpl:180 - HHH000006: Autocommit mode: false
2015-08-13 11:44:56 INFO  DriverManagerConnectionProviderImpl:102 - HHH000115: Hibernate connection pool size: 20 (min=1)
2015-08-13 11:44:59 INFO  Dialect:145 - HHH000400: Using dialect: org.hibernate.dialect.MySQL5Dialect
2015-08-13 11:45:00 INFO  ASTQueryTranslatorFactory:47 - HHH000397: Using ASTQueryTranslatorFactory
2015-08-13 11:45:01 INFO  Version:27 - HV000001: Hibernate Validator 5.1.3.Final
2015-08-13 11:45:44 WARN  HibernatePersistence:58 - HHH015016: Encountered a deprecated javax.persistence.spi.PersistenceProvider [org.hibernate.ejb.HibernatePersistence]; use [org.hibernate.jpa.HibernatePersistenceProvider] instead.
2015-08-13 11:45:44 WARN  HibernatePersistence:58 - HHH015016: Encountered a deprecated javax.persistence.spi.PersistenceProvider [org.hibernate.ejb.HibernatePersistence]; use [org.hibernate.jpa.HibernatePersistenceProvider] instead.
2015-08-13 11:45:45 WARN  HibernatePersistence:58 - HHH015016: Encountered a deprecated javax.persistence.spi.PersistenceProvider [org.hibernate.ejb.HibernatePersistence]; use [org.hibernate.jpa.HibernatePersistenceProvider] instead.
2015-08-13 11:45:45 INFO  LogHelper:46 - HHH000204: Processing PersistenceUnitInfo [
	name: EcarePU
	...]
2015-08-13 11:45:45 INFO  Version:54 - HHH000412: Hibernate Core {4.3.10.Final}
2015-08-13 11:45:45 INFO  Environment:239 - HHH000206: hibernate.properties not found
2015-08-13 11:45:45 INFO  Environment:346 - HHH000021: Bytecode provider name : javassist
2015-08-13 11:45:46 INFO  Version:66 - HCANN000001: Hibernate Commons Annotations {4.0.5.Final}
2015-08-13 11:45:46 WARN  DriverManagerConnectionProviderImpl:93 - HHH000402: Using Hibernate built-in connection pool (not for production use!)
2015-08-13 11:45:46 INFO  DriverManagerConnectionProviderImpl:166 - HHH000401: using driver [com.mysql.jdbc.Driver] at URL [jdbc:mysql://localhost:3306/ecareis]
2015-08-13 11:45:46 INFO  DriverManagerConnectionProviderImpl:175 - HHH000046: Connection properties: {user=root, password=****}
2015-08-13 11:45:46 INFO  DriverManagerConnectionProviderImpl:180 - HHH000006: Autocommit mode: false
2015-08-13 11:45:46 INFO  DriverManagerConnectionProviderImpl:102 - HHH000115: Hibernate connection pool size: 20 (min=1)
2015-08-13 11:45:48 INFO  Dialect:145 - HHH000400: Using dialect: org.hibernate.dialect.MySQL5Dialect
2015-08-13 11:45:49 INFO  ASTQueryTranslatorFactory:47 - HHH000397: Using ASTQueryTranslatorFactory
2015-08-13 11:45:50 INFO  Version:27 - HV000001: Hibernate Validator 5.1.3.Final
2015-08-13 11:47:26 WARN  HibernatePersistence:58 - HHH015016: Encountered a deprecated javax.persistence.spi.PersistenceProvider [org.hibernate.ejb.HibernatePersistence]; use [org.hibernate.jpa.HibernatePersistenceProvider] instead.
2015-08-13 11:47:26 WARN  HibernatePersistence:58 - HHH015016: Encountered a deprecated javax.persistence.spi.PersistenceProvider [org.hibernate.ejb.HibernatePersistence]; use [org.hibernate.jpa.HibernatePersistenceProvider] instead.
2015-08-13 11:47:26 WARN  HibernatePersistence:58 - HHH015016: Encountered a deprecated javax.persistence.spi.PersistenceProvider [org.hibernate.ejb.HibernatePersistence]; use [org.hibernate.jpa.HibernatePersistenceProvider] instead.
2015-08-13 11:47:26 INFO  LogHelper:46 - HHH000204: Processing PersistenceUnitInfo [
	name: EcarePU
	...]
2015-08-13 11:47:26 INFO  Version:54 - HHH000412: Hibernate Core {4.3.10.Final}
2015-08-13 11:47:26 INFO  Environment:239 - HHH000206: hibernate.properties not found
2015-08-13 11:47:26 INFO  Environment:346 - HHH000021: Bytecode provider name : javassist
2015-08-13 11:47:27 INFO  Version:66 - HCANN000001: Hibernate Commons Annotations {4.0.5.Final}
2015-08-13 11:47:28 WARN  DriverManagerConnectionProviderImpl:93 - HHH000402: Using Hibernate built-in connection pool (not for production use!)
2015-08-13 11:47:28 INFO  DriverManagerConnectionProviderImpl:166 - HHH000401: using driver [com.mysql.jdbc.Driver] at URL [jdbc:mysql://localhost:3306/ecareis]
2015-08-13 11:47:28 INFO  DriverManagerConnectionProviderImpl:175 - HHH000046: Connection properties: {user=root, password=****}
2015-08-13 11:47:28 INFO  DriverManagerConnectionProviderImpl:180 - HHH000006: Autocommit mode: false
2015-08-13 11:47:28 INFO  DriverManagerConnectionProviderImpl:102 - HHH000115: Hibernate connection pool size: 20 (min=1)
2015-08-13 11:47:30 INFO  Dialect:145 - HHH000400: Using dialect: org.hibernate.dialect.MySQL5Dialect
2015-08-13 11:47:31 INFO  ASTQueryTranslatorFactory:47 - HHH000397: Using ASTQueryTranslatorFactory
2015-08-13 11:47:31 INFO  Version:27 - HV000001: Hibernate Validator 5.1.3.Final
2015-08-13 11:47:34 INFO  DriverManagerConnectionProviderImpl:281 - HHH000030: Cleaning up connection pool [jdbc:mysql://localhost:3306/ecareis]
2015-08-13 11:48:12 WARN  HibernatePersistence:58 - HHH015016: Encountered a deprecated javax.persistence.spi.PersistenceProvider [org.hibernate.ejb.HibernatePersistence]; use [org.hibernate.jpa.HibernatePersistenceProvider] instead.
2015-08-13 11:48:12 WARN  HibernatePersistence:58 - HHH015016: Encountered a deprecated javax.persistence.spi.PersistenceProvider [org.hibernate.ejb.HibernatePersistence]; use [org.hibernate.jpa.HibernatePersistenceProvider] instead.
2015-08-13 11:48:12 WARN  HibernatePersistence:58 - HHH015016: Encountered a deprecated javax.persistence.spi.PersistenceProvider [org.hibernate.ejb.HibernatePersistence]; use [org.hibernate.jpa.HibernatePersistenceProvider] instead.
2015-08-13 11:48:12 INFO  LogHelper:46 - HHH000204: Processing PersistenceUnitInfo [
	name: EcarePU
	...]
2015-08-13 11:48:13 INFO  Version:54 - HHH000412: Hibernate Core {4.3.10.Final}
2015-08-13 11:48:13 INFO  Environment:239 - HHH000206: hibernate.properties not found
2015-08-13 11:48:13 INFO  Environment:346 - HHH000021: Bytecode provider name : javassist
2015-08-13 11:48:14 INFO  Version:66 - HCANN000001: Hibernate Commons Annotations {4.0.5.Final}
2015-08-13 11:48:14 WARN  DriverManagerConnectionProviderImpl:93 - HHH000402: Using Hibernate built-in connection pool (not for production use!)
2015-08-13 11:48:14 INFO  DriverManagerConnectionProviderImpl:166 - HHH000401: using driver [com.mysql.jdbc.Driver] at URL [jdbc:mysql://localhost:3306/ecareis]
2015-08-13 11:48:14 INFO  DriverManagerConnectionProviderImpl:175 - HHH000046: Connection properties: {user=root, password=****}
2015-08-13 11:48:14 INFO  DriverManagerConnectionProviderImpl:180 - HHH000006: Autocommit mode: false
2015-08-13 11:48:14 INFO  DriverManagerConnectionProviderImpl:102 - HHH000115: Hibernate connection pool size: 20 (min=1)
2015-08-13 11:48:15 INFO  Dialect:145 - HHH000400: Using dialect: org.hibernate.dialect.MySQL5Dialect
2015-08-13 11:48:16 INFO  ASTQueryTranslatorFactory:47 - HHH000397: Using ASTQueryTranslatorFactory
2015-08-13 11:48:17 INFO  Version:27 - HV000001: Hibernate Validator 5.1.3.Final
2015-08-13 11:48:20 INFO  DriverManagerConnectionProviderImpl:281 - HHH000030: Cleaning up connection pool [jdbc:mysql://localhost:3306/ecareis]
2015-08-13 11:49:08 WARN  HibernatePersistence:58 - HHH015016: Encountered a deprecated javax.persistence.spi.PersistenceProvider [org.hibernate.ejb.HibernatePersistence]; use [org.hibernate.jpa.HibernatePersistenceProvider] instead.
2015-08-13 11:49:08 WARN  HibernatePersistence:58 - HHH015016: Encountered a deprecated javax.persistence.spi.PersistenceProvider [org.hibernate.ejb.HibernatePersistence]; use [org.hibernate.jpa.HibernatePersistenceProvider] instead.
2015-08-13 11:49:08 WARN  HibernatePersistence:58 - HHH015016: Encountered a deprecated javax.persistence.spi.PersistenceProvider [org.hibernate.ejb.HibernatePersistence]; use [org.hibernate.jpa.HibernatePersistenceProvider] instead.
2015-08-13 11:49:08 INFO  LogHelper:46 - HHH000204: Processing PersistenceUnitInfo [
	name: EcarePU
	...]
2015-08-13 11:49:09 INFO  Version:54 - HHH000412: Hibernate Core {4.3.10.Final}
2015-08-13 11:49:09 INFO  Environment:239 - HHH000206: hibernate.properties not found
2015-08-13 11:49:09 INFO  Environment:346 - HHH000021: Bytecode provider name : javassist
2015-08-13 11:49:10 INFO  Version:66 - HCANN000001: Hibernate Commons Annotations {4.0.5.Final}
2015-08-13 11:49:10 WARN  DriverManagerConnectionProviderImpl:93 - HHH000402: Using Hibernate built-in connection pool (not for production use!)
2015-08-13 11:49:10 INFO  DriverManagerConnectionProviderImpl:166 - HHH000401: using driver [com.mysql.jdbc.Driver] at URL [jdbc:mysql://localhost:3306/ecareis]
2015-08-13 11:49:10 INFO  DriverManagerConnectionProviderImpl:175 - HHH000046: Connection properties: {user=root, password=****}
2015-08-13 11:49:10 INFO  DriverManagerConnectionProviderImpl:180 - HHH000006: Autocommit mode: false
2015-08-13 11:49:10 INFO  DriverManagerConnectionProviderImpl:102 - HHH000115: Hibernate connection pool size: 20 (min=1)
2015-08-13 11:49:11 INFO  Dialect:145 - HHH000400: Using dialect: org.hibernate.dialect.MySQL5Dialect
2015-08-13 11:49:12 INFO  ASTQueryTranslatorFactory:47 - HHH000397: Using ASTQueryTranslatorFactory
2015-08-13 11:49:13 INFO  Version:27 - HV000001: Hibernate Validator 5.1.3.Final
2015-08-13 11:49:16 INFO  DriverManagerConnectionProviderImpl:281 - HHH000030: Cleaning up connection pool [jdbc:mysql://localhost:3306/ecareis]
2015-08-13 11:49:34 WARN  HibernatePersistence:58 - HHH015016: Encountered a deprecated javax.persistence.spi.PersistenceProvider [org.hibernate.ejb.HibernatePersistence]; use [org.hibernate.jpa.HibernatePersistenceProvider] instead.
2015-08-13 11:49:34 WARN  HibernatePersistence:58 - HHH015016: Encountered a deprecated javax.persistence.spi.PersistenceProvider [org.hibernate.ejb.HibernatePersistence]; use [org.hibernate.jpa.HibernatePersistenceProvider] instead.
2015-08-13 11:49:34 WARN  HibernatePersistence:58 - HHH015016: Encountered a deprecated javax.persistence.spi.PersistenceProvider [org.hibernate.ejb.HibernatePersistence]; use [org.hibernate.jpa.HibernatePersistenceProvider] instead.
2015-08-13 11:49:34 INFO  LogHelper:46 - HHH000204: Processing PersistenceUnitInfo [
	name: EcarePU
	...]
2015-08-13 11:49:35 INFO  Version:54 - HHH000412: Hibernate Core {4.3.10.Final}
2015-08-13 11:49:35 INFO  Environment:239 - HHH000206: hibernate.properties not found
2015-08-13 11:49:35 INFO  Environment:346 - HHH000021: Bytecode provider name : javassist
2015-08-13 11:49:36 INFO  Version:66 - HCANN000001: Hibernate Commons Annotations {4.0.5.Final}
2015-08-13 11:49:36 WARN  DriverManagerConnectionProviderImpl:93 - HHH000402: Using Hibernate built-in connection pool (not for production use!)
2015-08-13 11:49:36 INFO  DriverManagerConnectionProviderImpl:166 - HHH000401: using driver [com.mysql.jdbc.Driver] at URL [jdbc:mysql://localhost:3306/ecareis]
2015-08-13 11:49:36 INFO  DriverManagerConnectionProviderImpl:175 - HHH000046: Connection properties: {user=root, password=****}
2015-08-13 11:49:36 INFO  DriverManagerConnectionProviderImpl:180 - HHH000006: Autocommit mode: false
2015-08-13 11:49:36 INFO  DriverManagerConnectionProviderImpl:102 - HHH000115: Hibernate connection pool size: 20 (min=1)
2015-08-13 11:49:38 INFO  Dialect:145 - HHH000400: Using dialect: org.hibernate.dialect.MySQL5Dialect
2015-08-13 11:49:39 INFO  ASTQueryTranslatorFactory:47 - HHH000397: Using ASTQueryTranslatorFactory
2015-08-13 11:49:39 INFO  Version:27 - HV000001: Hibernate Validator 5.1.3.Final
2015-08-13 11:49:42 INFO  DriverManagerConnectionProviderImpl:281 - HHH000030: Cleaning up connection pool [jdbc:mysql://localhost:3306/ecareis]
2015-08-13 12:05:08 WARN  HibernatePersistence:58 - HHH015016: Encountered a deprecated javax.persistence.spi.PersistenceProvider [org.hibernate.ejb.HibernatePersistence]; use [org.hibernate.jpa.HibernatePersistenceProvider] instead.
2015-08-13 12:05:08 WARN  HibernatePersistence:58 - HHH015016: Encountered a deprecated javax.persistence.spi.PersistenceProvider [org.hibernate.ejb.HibernatePersistence]; use [org.hibernate.jpa.HibernatePersistenceProvider] instead.
2015-08-13 12:05:08 WARN  HibernatePersistence:58 - HHH015016: Encountered a deprecated javax.persistence.spi.PersistenceProvider [org.hibernate.ejb.HibernatePersistence]; use [org.hibernate.jpa.HibernatePersistenceProvider] instead.
2015-08-13 12:05:08 INFO  LogHelper:46 - HHH000204: Processing PersistenceUnitInfo [
	name: EcarePU
	...]
2015-08-13 12:05:09 INFO  Version:54 - HHH000412: Hibernate Core {4.3.10.Final}
2015-08-13 12:05:09 INFO  Environment:239 - HHH000206: hibernate.properties not found
2015-08-13 12:05:09 INFO  Environment:346 - HHH000021: Bytecode provider name : javassist
2015-08-13 12:05:10 INFO  Version:66 - HCANN000001: Hibernate Commons Annotations {4.0.5.Final}
2015-08-13 12:05:10 WARN  DriverManagerConnectionProviderImpl:93 - HHH000402: Using Hibernate built-in connection pool (not for production use!)
2015-08-13 12:05:10 INFO  DriverManagerConnectionProviderImpl:166 - HHH000401: using driver [com.mysql.jdbc.Driver] at URL [jdbc:mysql://localhost:3306/ecareis]
2015-08-13 12:05:10 INFO  DriverManagerConnectionProviderImpl:175 - HHH000046: Connection properties: {user=root, password=****}
2015-08-13 12:05:10 INFO  DriverManagerConnectionProviderImpl:180 - HHH000006: Autocommit mode: false
2015-08-13 12:05:10 INFO  DriverManagerConnectionProviderImpl:102 - HHH000115: Hibernate connection pool size: 20 (min=1)
2015-08-13 12:05:12 INFO  Dialect:145 - HHH000400: Using dialect: org.hibernate.dialect.MySQL5Dialect
2015-08-13 12:05:13 INFO  ASTQueryTranslatorFactory:47 - HHH000397: Using ASTQueryTranslatorFactory
2015-08-13 12:05:13 INFO  Version:27 - HV000001: Hibernate Validator 5.1.3.Final
2015-08-13 12:05:16 INFO  DriverManagerConnectionProviderImpl:281 - HHH000030: Cleaning up connection pool [jdbc:mysql://localhost:3306/ecareis]
2015-08-13 12:06:20 WARN  HibernatePersistence:58 - HHH015016: Encountered a deprecated javax.persistence.spi.PersistenceProvider [org.hibernate.ejb.HibernatePersistence]; use [org.hibernate.jpa.HibernatePersistenceProvider] instead.
2015-08-13 12:06:20 WARN  HibernatePersistence:58 - HHH015016: Encountered a deprecated javax.persistence.spi.PersistenceProvider [org.hibernate.ejb.HibernatePersistence]; use [org.hibernate.jpa.HibernatePersistenceProvider] instead.
2015-08-13 12:06:20 WARN  HibernatePersistence:58 - HHH015016: Encountered a deprecated javax.persistence.spi.PersistenceProvider [org.hibernate.ejb.HibernatePersistence]; use [org.hibernate.jpa.HibernatePersistenceProvider] instead.
2015-08-13 12:06:20 INFO  LogHelper:46 - HHH000204: Processing PersistenceUnitInfo [
	name: EcarePU
	...]
2015-08-13 12:06:20 INFO  Version:54 - HHH000412: Hibernate Core {4.3.10.Final}
2015-08-13 12:06:20 INFO  Environment:239 - HHH000206: hibernate.properties not found
2015-08-13 12:06:20 INFO  Environment:346 - HHH000021: Bytecode provider name : javassist
2015-08-13 12:06:21 INFO  Version:66 - HCANN000001: Hibernate Commons Annotations {4.0.5.Final}
2015-08-13 12:06:22 WARN  DriverManagerConnectionProviderImpl:93 - HHH000402: Using Hibernate built-in connection pool (not for production use!)
2015-08-13 12:06:22 INFO  DriverManagerConnectionProviderImpl:166 - HHH000401: using driver [com.mysql.jdbc.Driver] at URL [jdbc:mysql://localhost:3306/ecareis]
2015-08-13 12:06:22 INFO  DriverManagerConnectionProviderImpl:175 - HHH000046: Connection properties: {user=root, password=****}
2015-08-13 12:06:22 INFO  DriverManagerConnectionProviderImpl:180 - HHH000006: Autocommit mode: false
2015-08-13 12:06:22 INFO  DriverManagerConnectionProviderImpl:102 - HHH000115: Hibernate connection pool size: 20 (min=1)
2015-08-13 12:06:24 INFO  Dialect:145 - HHH000400: Using dialect: org.hibernate.dialect.MySQL5Dialect
2015-08-13 12:06:25 INFO  ASTQueryTranslatorFactory:47 - HHH000397: Using ASTQueryTranslatorFactory
2015-08-13 12:06:25 INFO  Version:27 - HV000001: Hibernate Validator 5.1.3.Final
2015-08-13 12:06:28 INFO  DriverManagerConnectionProviderImpl:281 - HHH000030: Cleaning up connection pool [jdbc:mysql://localhost:3306/ecareis]
2015-08-13 12:07:52 WARN  HibernatePersistence:58 - HHH015016: Encountered a deprecated javax.persistence.spi.PersistenceProvider [org.hibernate.ejb.HibernatePersistence]; use [org.hibernate.jpa.HibernatePersistenceProvider] instead.
2015-08-13 12:07:52 WARN  HibernatePersistence:58 - HHH015016: Encountered a deprecated javax.persistence.spi.PersistenceProvider [org.hibernate.ejb.HibernatePersistence]; use [org.hibernate.jpa.HibernatePersistenceProvider] instead.
2015-08-13 12:07:52 WARN  HibernatePersistence:58 - HHH015016: Encountered a deprecated javax.persistence.spi.PersistenceProvider [org.hibernate.ejb.HibernatePersistence]; use [org.hibernate.jpa.HibernatePersistenceProvider] instead.
2015-08-13 12:07:52 INFO  LogHelper:46 - HHH000204: Processing PersistenceUnitInfo [
	name: EcarePU
	...]
2015-08-13 12:07:53 INFO  Version:54 - HHH000412: Hibernate Core {4.3.10.Final}
2015-08-13 12:07:53 INFO  Environment:239 - HHH000206: hibernate.properties not found
2015-08-13 12:07:53 INFO  Environment:346 - HHH000021: Bytecode provider name : javassist
2015-08-13 12:07:54 INFO  Version:66 - HCANN000001: Hibernate Commons Annotations {4.0.5.Final}
2015-08-13 12:07:54 WARN  DriverManagerConnectionProviderImpl:93 - HHH000402: Using Hibernate built-in connection pool (not for production use!)
2015-08-13 12:07:54 INFO  DriverManagerConnectionProviderImpl:166 - HHH000401: using driver [com.mysql.jdbc.Driver] at URL [jdbc:mysql://localhost:3306/ecareis]
2015-08-13 12:07:54 INFO  DriverManagerConnectionProviderImpl:175 - HHH000046: Connection properties: {user=root, password=****}
2015-08-13 12:07:54 INFO  DriverManagerConnectionProviderImpl:180 - HHH000006: Autocommit mode: false
2015-08-13 12:07:54 INFO  DriverManagerConnectionProviderImpl:102 - HHH000115: Hibernate connection pool size: 20 (min=1)
2015-08-13 12:07:55 INFO  Dialect:145 - HHH000400: Using dialect: org.hibernate.dialect.MySQL5Dialect
2015-08-13 12:07:56 INFO  ASTQueryTranslatorFactory:47 - HHH000397: Using ASTQueryTranslatorFactory
2015-08-13 12:07:56 INFO  Version:27 - HV000001: Hibernate Validator 5.1.3.Final
2015-08-13 12:07:59 INFO  DriverManagerConnectionProviderImpl:281 - HHH000030: Cleaning up connection pool [jdbc:mysql://localhost:3306/ecareis]
