2015-08-16 17:03:42 INFO  DefaultTestContextBootstrapper:256 - Loaded default TestExecutionListener class names from location [META-INF/spring.factories]: [org.springframework.test.context.web.ServletTestExecutionListener, org.springframework.test.context.support.DependencyInjectionTestExecutionListener, org.springframework.test.context.support.DirtiesContextTestExecutionListener, org.springframework.test.context.transaction.TransactionalTestExecutionListener, org.springframework.test.context.jdbc.SqlScriptsTestExecutionListener]
2015-08-16 17:03:42 INFO  DefaultTestContextBootstrapper:182 - Using TestExecutionListeners: [org.springframework.test.context.web.ServletTestExecutionListener@343f4d3d, org.springframework.test.context.support.DependencyInjectionTestExecutionListener@53b32d7, org.springframework.test.context.support.DirtiesContextTestExecutionListener@5442a311, org.springframework.test.context.transaction.TransactionalTestExecutionListener@548e7350, org.springframework.test.context.jdbc.SqlScriptsTestExecutionListener@1a968a59]
2015-08-16 17:03:43 INFO  GenericApplicationContext:510 - Refreshing org.springframework.context.support.GenericApplicationContext@31610302: startup date [Sun Aug 16 17:03:43 MSK 2015]; root of context hierarchy
2015-08-16 17:03:43 INFO  DefaultTestContextBootstrapper:256 - Loaded default TestExecutionListener class names from location [META-INF/spring.factories]: [org.springframework.test.context.web.ServletTestExecutionListener, org.springframework.test.context.support.DependencyInjectionTestExecutionListener, org.springframework.test.context.support.DirtiesContextTestExecutionListener, org.springframework.test.context.transaction.TransactionalTestExecutionListener, org.springframework.test.context.jdbc.SqlScriptsTestExecutionListener]
2015-08-16 17:03:43 INFO  DefaultTestContextBootstrapper:182 - Using TestExecutionListeners: [org.springframework.test.context.web.ServletTestExecutionListener@1817d444, org.springframework.test.context.support.DependencyInjectionTestExecutionListener@6ca8564a, org.springframework.test.context.support.DirtiesContextTestExecutionListener@50b472aa, org.springframework.test.context.transaction.TransactionalTestExecutionListener@31368b99, org.springframework.test.context.jdbc.SqlScriptsTestExecutionListener@1725dc0f]
2015-08-16 17:03:43 INFO  GenericApplicationContext:510 - Refreshing org.springframework.context.support.GenericApplicationContext@3911c2a7: startup date [Sun Aug 16 17:03:43 MSK 2015]; root of context hierarchy
2015-08-16 17:03:44 INFO  OptionServiceImpl$OptionServiceUtil:377 - getting AllRequiredOptionTree for optionId2
2015-08-16 17:03:44 INFO  OptionServiceImpl$OptionServiceUtil:377 - getting AllRequiredOptionTree for optionId4
2015-08-16 17:03:44 INFO  OptionServiceImpl$OptionServiceUtil:377 - getting AllRequiredOptionTree for optionId2
2015-08-16 17:03:44 INFO  OptionServiceImpl$OptionServiceUtil:377 - getting AllRequiredOptionTree for optionId4
2015-08-16 17:03:44 INFO  OptionServiceImpl$OptionServiceUtil:377 - getting AllRequiredOptionTree for optionId2
2015-08-16 17:03:44 INFO  OptionServiceImpl$OptionServiceUtil:377 - getting AllRequiredOptionTree for optionId5
2015-08-16 17:03:44 INFO  OptionServiceImpl$OptionServiceUtil:377 - getting AllRequiredOptionTree for optionId3
2015-08-16 17:03:44 INFO  OptionServiceImpl:131 - addInconsistency, opt Ids:1 3
2015-08-16 17:03:44 INFO  OptionServiceImpl$OptionServiceUtil:339 - getting AllDependentOptionTree for optionId1
2015-08-16 17:03:44 INFO  OptionServiceImpl$OptionServiceUtil:339 - getting AllDependentOptionTree for optionId3
2015-08-16 17:03:44 INFO  OptionServiceImpl$OptionServiceUtil:339 - getting AllDependentOptionTree for optionId1
2015-08-16 17:03:44 INFO  OptionServiceImpl:170 - addDependency, opt Ids:1 2
2015-08-16 17:03:44 INFO  OptionServiceImpl$OptionServiceUtil:339 - getting AllDependentOptionTree for optionId2
2015-08-16 17:03:44 INFO  OptionServiceImpl$OptionServiceUtil:377 - getting AllRequiredOptionTree for optionId1
2015-08-16 17:03:44 INFO  OptionServiceImpl$OptionServiceUtil:339 - getting AllDependentOptionTree for optionId2
2015-08-16 17:03:44 INFO  OptionServiceImpl$OptionServiceUtil:377 - getting AllRequiredOptionTree for optionId2
2015-08-16 17:03:44 INFO  OptionServiceImpl:191 - addDependency added successfully
2015-08-16 17:03:44 INFO  OptionServiceImpl:170 - addDependency, opt Ids:3 1
2015-08-16 17:03:44 INFO  OptionServiceImpl$OptionServiceUtil:339 - getting AllDependentOptionTree for optionId1
2015-08-16 17:03:44 WARN  OptionServiceImpl:188 - dependency can't be set due to it will cause a cycle
2015-08-16 17:03:44 INFO  OptionServiceImpl$OptionServiceUtil:377 - getting AllRequiredOptionTree for optionId2
2015-08-16 17:03:44 INFO  OptionServiceImpl$OptionServiceUtil:377 - getting AllRequiredOptionTree for optionId4
2015-08-16 17:03:44 INFO  OptionServiceImpl$OptionServiceUtil:377 - getting AllRequiredOptionTree for optionId2
2015-08-16 17:03:44 INFO  OptionServiceImpl$OptionServiceUtil:377 - getting AllRequiredOptionTree for optionId4
2015-08-16 17:03:44 INFO  OptionServiceImpl:131 - addInconsistency, opt Ids:1 3
2015-08-16 17:03:44 INFO  OptionServiceImpl$OptionServiceUtil:339 - getting AllDependentOptionTree for optionId1
2015-08-16 17:03:44 INFO  OptionServiceImpl$OptionServiceUtil:339 - getting AllDependentOptionTree for optionId3
2015-08-16 17:03:44 WARN  OptionServiceImpl:142 - Inconsistency can't be set due to existing dependency in trees
2015-08-16 17:03:44 INFO  OptionServiceImpl:170 - addDependency, opt Ids:2 3
2015-08-16 17:03:44 INFO  OptionServiceImpl$OptionServiceUtil:339 - getting AllDependentOptionTree for optionId3
2015-08-16 17:03:44 INFO  OptionServiceImpl$OptionServiceUtil:377 - getting AllRequiredOptionTree for optionId2
2015-08-16 17:03:44 INFO  OptionServiceImpl$OptionServiceUtil:339 - getting AllDependentOptionTree for optionId3
2015-08-16 17:03:44 INFO  OptionServiceImpl$OptionServiceUtil:377 - getting AllRequiredOptionTree for optionId3
2015-08-16 17:03:44 WARN  OptionServiceImpl:183 - dependency can't be set due to inconsistency in trees
2015-08-16 17:03:44 INFO  DefaultTestContextBootstrapper:256 - Loaded default TestExecutionListener class names from location [META-INF/spring.factories]: [org.springframework.test.context.web.ServletTestExecutionListener, org.springframework.test.context.support.DependencyInjectionTestExecutionListener, org.springframework.test.context.support.DirtiesContextTestExecutionListener, org.springframework.test.context.transaction.TransactionalTestExecutionListener, org.springframework.test.context.jdbc.SqlScriptsTestExecutionListener]
2015-08-16 17:03:44 INFO  DefaultTestContextBootstrapper:182 - Using TestExecutionListeners: [org.springframework.test.context.web.ServletTestExecutionListener@5fd4f8f5, org.springframework.test.context.support.DependencyInjectionTestExecutionListener@696da30b, org.springframework.test.context.support.DirtiesContextTestExecutionListener@4e7912d8, org.springframework.test.context.transaction.TransactionalTestExecutionListener@53976f5c, org.springframework.test.context.jdbc.SqlScriptsTestExecutionListener@2bfc268b]
2015-08-16 17:03:44 INFO  GenericApplicationContext:510 - Refreshing org.springframework.context.support.GenericApplicationContext@2f8dad04: startup date [Sun Aug 16 17:03:44 MSK 2015]; root of context hierarchy
2015-08-16 17:03:44 INFO  GenericApplicationContext:862 - Closing org.springframework.context.support.GenericApplicationContext@31610302: startup date [Sun Aug 16 17:03:43 MSK 2015]; root of context hierarchy
2015-08-16 17:03:44 INFO  GenericApplicationContext:862 - Closing org.springframework.context.support.GenericApplicationContext@3911c2a7: startup date [Sun Aug 16 17:03:43 MSK 2015]; root of context hierarchy
2015-08-16 17:03:44 INFO  GenericApplicationContext:862 - Closing org.springframework.context.support.GenericApplicationContext@2f8dad04: startup date [Sun Aug 16 17:03:44 MSK 2015]; root of context hierarchy
2015-08-16 20:16:24 INFO  DefaultTestContextBootstrapper:256 - Loaded default TestExecutionListener class names from location [META-INF/spring.factories]: [org.springframework.test.context.web.ServletTestExecutionListener, org.springframework.test.context.support.DependencyInjectionTestExecutionListener, org.springframework.test.context.support.DirtiesContextTestExecutionListener, org.springframework.test.context.transaction.TransactionalTestExecutionListener, org.springframework.test.context.jdbc.SqlScriptsTestExecutionListener]
2015-08-16 20:16:24 INFO  DefaultTestContextBootstrapper:182 - Using TestExecutionListeners: [org.springframework.test.context.web.ServletTestExecutionListener@343f4d3d, org.springframework.test.context.support.DependencyInjectionTestExecutionListener@53b32d7, org.springframework.test.context.support.DirtiesContextTestExecutionListener@5442a311, org.springframework.test.context.transaction.TransactionalTestExecutionListener@548e7350, org.springframework.test.context.jdbc.SqlScriptsTestExecutionListener@1a968a59]
2015-08-16 20:16:24 INFO  GenericApplicationContext:510 - Refreshing org.springframework.context.support.GenericApplicationContext@31610302: startup date [Sun Aug 16 20:16:24 MSK 2015]; root of context hierarchy
2015-08-16 20:16:25 INFO  DefaultTestContextBootstrapper:256 - Loaded default TestExecutionListener class names from location [META-INF/spring.factories]: [org.springframework.test.context.web.ServletTestExecutionListener, org.springframework.test.context.support.DependencyInjectionTestExecutionListener, org.springframework.test.context.support.DirtiesContextTestExecutionListener, org.springframework.test.context.transaction.TransactionalTestExecutionListener, org.springframework.test.context.jdbc.SqlScriptsTestExecutionListener]
2015-08-16 20:16:25 INFO  DefaultTestContextBootstrapper:182 - Using TestExecutionListeners: [org.springframework.test.context.web.ServletTestExecutionListener@1817d444, org.springframework.test.context.support.DependencyInjectionTestExecutionListener@6ca8564a, org.springframework.test.context.support.DirtiesContextTestExecutionListener@50b472aa, org.springframework.test.context.transaction.TransactionalTestExecutionListener@31368b99, org.springframework.test.context.jdbc.SqlScriptsTestExecutionListener@1725dc0f]
2015-08-16 20:16:25 INFO  GenericApplicationContext:510 - Refreshing org.springframework.context.support.GenericApplicationContext@3911c2a7: startup date [Sun Aug 16 20:16:25 MSK 2015]; root of context hierarchy
2015-08-16 20:16:25 INFO  OptionServiceImpl$OptionServiceUtil:377 - getting AllRequiredOptionTree for optionId2
2015-08-16 20:16:25 INFO  OptionServiceImpl$OptionServiceUtil:377 - getting AllRequiredOptionTree for optionId4
2015-08-16 20:16:25 INFO  OptionServiceImpl$OptionServiceUtil:377 - getting AllRequiredOptionTree for optionId2
2015-08-16 20:16:25 INFO  OptionServiceImpl$OptionServiceUtil:377 - getting AllRequiredOptionTree for optionId4
2015-08-16 20:16:25 INFO  OptionServiceImpl$OptionServiceUtil:377 - getting AllRequiredOptionTree for optionId2
2015-08-16 20:16:25 INFO  OptionServiceImpl$OptionServiceUtil:377 - getting AllRequiredOptionTree for optionId5
2015-08-16 20:16:25 INFO  OptionServiceImpl$OptionServiceUtil:377 - getting AllRequiredOptionTree for optionId3
2015-08-16 20:16:25 INFO  OptionServiceImpl:131 - addInconsistency, opt Ids:1 3
2015-08-16 20:16:25 INFO  OptionServiceImpl$OptionServiceUtil:339 - getting AllDependentOptionTree for optionId1
2015-08-16 20:16:25 INFO  OptionServiceImpl$OptionServiceUtil:339 - getting AllDependentOptionTree for optionId3
2015-08-16 20:16:25 INFO  OptionServiceImpl$OptionServiceUtil:339 - getting AllDependentOptionTree for optionId1
2015-08-16 20:16:25 INFO  OptionServiceImpl:170 - addDependency, opt Ids:1 2
2015-08-16 20:16:25 INFO  OptionServiceImpl$OptionServiceUtil:339 - getting AllDependentOptionTree for optionId2
2015-08-16 20:16:25 INFO  OptionServiceImpl$OptionServiceUtil:377 - getting AllRequiredOptionTree for optionId1
2015-08-16 20:16:25 INFO  OptionServiceImpl$OptionServiceUtil:339 - getting AllDependentOptionTree for optionId2
2015-08-16 20:16:25 INFO  OptionServiceImpl$OptionServiceUtil:377 - getting AllRequiredOptionTree for optionId2
2015-08-16 20:16:25 INFO  OptionServiceImpl:191 - addDependency added successfully
2015-08-16 20:16:25 INFO  OptionServiceImpl:170 - addDependency, opt Ids:3 1
2015-08-16 20:16:25 INFO  OptionServiceImpl$OptionServiceUtil:339 - getting AllDependentOptionTree for optionId1
2015-08-16 20:16:25 WARN  OptionServiceImpl:188 - dependency can't be set due to it will cause a cycle
2015-08-16 20:16:26 INFO  OptionServiceImpl$OptionServiceUtil:377 - getting AllRequiredOptionTree for optionId2
2015-08-16 20:16:26 INFO  OptionServiceImpl$OptionServiceUtil:377 - getting AllRequiredOptionTree for optionId4
2015-08-16 20:16:26 INFO  OptionServiceImpl$OptionServiceUtil:377 - getting AllRequiredOptionTree for optionId2
2015-08-16 20:16:26 INFO  OptionServiceImpl$OptionServiceUtil:377 - getting AllRequiredOptionTree for optionId4
2015-08-16 20:16:26 INFO  OptionServiceImpl:131 - addInconsistency, opt Ids:1 3
2015-08-16 20:16:26 INFO  OptionServiceImpl$OptionServiceUtil:339 - getting AllDependentOptionTree for optionId1
2015-08-16 20:16:26 INFO  OptionServiceImpl$OptionServiceUtil:339 - getting AllDependentOptionTree for optionId3
2015-08-16 20:16:26 WARN  OptionServiceImpl:142 - Inconsistency can't be set due to existing dependency in trees
2015-08-16 20:16:26 INFO  OptionServiceImpl:170 - addDependency, opt Ids:2 3
2015-08-16 20:16:26 INFO  OptionServiceImpl$OptionServiceUtil:339 - getting AllDependentOptionTree for optionId3
2015-08-16 20:16:26 INFO  OptionServiceImpl$OptionServiceUtil:377 - getting AllRequiredOptionTree for optionId2
2015-08-16 20:16:26 INFO  OptionServiceImpl$OptionServiceUtil:339 - getting AllDependentOptionTree for optionId3
2015-08-16 20:16:26 INFO  OptionServiceImpl$OptionServiceUtil:377 - getting AllRequiredOptionTree for optionId3
2015-08-16 20:16:26 WARN  OptionServiceImpl:183 - dependency can't be set due to inconsistency in trees
2015-08-16 20:16:26 INFO  DefaultTestContextBootstrapper:256 - Loaded default TestExecutionListener class names from location [META-INF/spring.factories]: [org.springframework.test.context.web.ServletTestExecutionListener, org.springframework.test.context.support.DependencyInjectionTestExecutionListener, org.springframework.test.context.support.DirtiesContextTestExecutionListener, org.springframework.test.context.transaction.TransactionalTestExecutionListener, org.springframework.test.context.jdbc.SqlScriptsTestExecutionListener]
2015-08-16 20:16:26 INFO  DefaultTestContextBootstrapper:182 - Using TestExecutionListeners: [org.springframework.test.context.web.ServletTestExecutionListener@5fd4f8f5, org.springframework.test.context.support.DependencyInjectionTestExecutionListener@696da30b, org.springframework.test.context.support.DirtiesContextTestExecutionListener@4e7912d8, org.springframework.test.context.transaction.TransactionalTestExecutionListener@53976f5c, org.springframework.test.context.jdbc.SqlScriptsTestExecutionListener@2bfc268b]
2015-08-16 20:16:26 INFO  GenericApplicationContext:510 - Refreshing org.springframework.context.support.GenericApplicationContext@2f8dad04: startup date [Sun Aug 16 20:16:26 MSK 2015]; root of context hierarchy
2015-08-16 20:16:26 INFO  GenericApplicationContext:862 - Closing org.springframework.context.support.GenericApplicationContext@3911c2a7: startup date [Sun Aug 16 20:16:25 MSK 2015]; root of context hierarchy
2015-08-16 20:16:26 INFO  GenericApplicationContext:862 - Closing org.springframework.context.support.GenericApplicationContext@31610302: startup date [Sun Aug 16 20:16:24 MSK 2015]; root of context hierarchy
2015-08-16 20:16:26 INFO  GenericApplicationContext:862 - Closing org.springframework.context.support.GenericApplicationContext@2f8dad04: startup date [Sun Aug 16 20:16:26 MSK 2015]; root of context hierarchy
2015-08-16 20:21:05 INFO  DefaultTestContextBootstrapper:256 - Loaded default TestExecutionListener class names from location [META-INF/spring.factories]: [org.springframework.test.context.web.ServletTestExecutionListener, org.springframework.test.context.support.DependencyInjectionTestExecutionListener, org.springframework.test.context.support.DirtiesContextTestExecutionListener, org.springframework.test.context.transaction.TransactionalTestExecutionListener, org.springframework.test.context.jdbc.SqlScriptsTestExecutionListener]
2015-08-16 20:21:05 INFO  DefaultTestContextBootstrapper:182 - Using TestExecutionListeners: [org.springframework.test.context.web.ServletTestExecutionListener@343f4d3d, org.springframework.test.context.support.DependencyInjectionTestExecutionListener@53b32d7, org.springframework.test.context.support.DirtiesContextTestExecutionListener@5442a311, org.springframework.test.context.transaction.TransactionalTestExecutionListener@548e7350, org.springframework.test.context.jdbc.SqlScriptsTestExecutionListener@1a968a59]
2015-08-16 20:21:05 INFO  GenericApplicationContext:510 - Refreshing org.springframework.context.support.GenericApplicationContext@31610302: startup date [Sun Aug 16 20:21:05 MSK 2015]; root of context hierarchy
2015-08-16 20:21:06 INFO  DefaultTestContextBootstrapper:256 - Loaded default TestExecutionListener class names from location [META-INF/spring.factories]: [org.springframework.test.context.web.ServletTestExecutionListener, org.springframework.test.context.support.DependencyInjectionTestExecutionListener, org.springframework.test.context.support.DirtiesContextTestExecutionListener, org.springframework.test.context.transaction.TransactionalTestExecutionListener, org.springframework.test.context.jdbc.SqlScriptsTestExecutionListener]
2015-08-16 20:21:06 INFO  DefaultTestContextBootstrapper:182 - Using TestExecutionListeners: [org.springframework.test.context.web.ServletTestExecutionListener@1817d444, org.springframework.test.context.support.DependencyInjectionTestExecutionListener@6ca8564a, org.springframework.test.context.support.DirtiesContextTestExecutionListener@50b472aa, org.springframework.test.context.transaction.TransactionalTestExecutionListener@31368b99, org.springframework.test.context.jdbc.SqlScriptsTestExecutionListener@1725dc0f]
2015-08-16 20:21:06 INFO  GenericApplicationContext:510 - Refreshing org.springframework.context.support.GenericApplicationContext@3911c2a7: startup date [Sun Aug 16 20:21:06 MSK 2015]; root of context hierarchy
2015-08-16 20:21:06 INFO  OptionServiceImpl$OptionServiceUtil:377 - getting AllRequiredOptionTree for optionId2
2015-08-16 20:21:06 INFO  OptionServiceImpl$OptionServiceUtil:377 - getting AllRequiredOptionTree for optionId4
2015-08-16 20:21:06 INFO  OptionServiceImpl$OptionServiceUtil:377 - getting AllRequiredOptionTree for optionId2
2015-08-16 20:21:06 INFO  OptionServiceImpl$OptionServiceUtil:377 - getting AllRequiredOptionTree for optionId4
2015-08-16 20:21:06 INFO  OptionServiceImpl$OptionServiceUtil:377 - getting AllRequiredOptionTree for optionId2
2015-08-16 20:21:06 INFO  OptionServiceImpl$OptionServiceUtil:377 - getting AllRequiredOptionTree for optionId5
2015-08-16 20:21:06 INFO  OptionServiceImpl$OptionServiceUtil:377 - getting AllRequiredOptionTree for optionId3
2015-08-16 20:21:06 INFO  OptionServiceImpl:131 - addInconsistency, opt Ids:1 3
2015-08-16 20:21:06 INFO  OptionServiceImpl$OptionServiceUtil:339 - getting AllDependentOptionTree for optionId1
2015-08-16 20:21:06 INFO  OptionServiceImpl$OptionServiceUtil:339 - getting AllDependentOptionTree for optionId3
2015-08-16 20:21:06 INFO  OptionServiceImpl$OptionServiceUtil:339 - getting AllDependentOptionTree for optionId1
2015-08-16 20:21:06 INFO  OptionServiceImpl:170 - addDependency, opt Ids:1 2
2015-08-16 20:21:06 INFO  OptionServiceImpl$OptionServiceUtil:339 - getting AllDependentOptionTree for optionId2
2015-08-16 20:21:06 INFO  OptionServiceImpl$OptionServiceUtil:377 - getting AllRequiredOptionTree for optionId1
2015-08-16 20:21:06 INFO  OptionServiceImpl$OptionServiceUtil:339 - getting AllDependentOptionTree for optionId2
2015-08-16 20:21:06 INFO  OptionServiceImpl$OptionServiceUtil:377 - getting AllRequiredOptionTree for optionId2
2015-08-16 20:21:06 INFO  OptionServiceImpl:191 - addDependency added successfully
2015-08-16 20:21:06 INFO  OptionServiceImpl:170 - addDependency, opt Ids:3 1
2015-08-16 20:21:06 INFO  OptionServiceImpl$OptionServiceUtil:339 - getting AllDependentOptionTree for optionId1
2015-08-16 20:21:06 WARN  OptionServiceImpl:188 - dependency can't be set due to it will cause a cycle
2015-08-16 20:21:06 INFO  OptionServiceImpl$OptionServiceUtil:377 - getting AllRequiredOptionTree for optionId2
2015-08-16 20:21:06 INFO  OptionServiceImpl$OptionServiceUtil:377 - getting AllRequiredOptionTree for optionId4
2015-08-16 20:21:06 INFO  OptionServiceImpl$OptionServiceUtil:377 - getting AllRequiredOptionTree for optionId2
2015-08-16 20:21:06 INFO  OptionServiceImpl$OptionServiceUtil:377 - getting AllRequiredOptionTree for optionId4
2015-08-16 20:21:06 INFO  OptionServiceImpl:131 - addInconsistency, opt Ids:1 3
2015-08-16 20:21:06 INFO  OptionServiceImpl$OptionServiceUtil:339 - getting AllDependentOptionTree for optionId1
2015-08-16 20:21:06 INFO  OptionServiceImpl$OptionServiceUtil:339 - getting AllDependentOptionTree for optionId3
2015-08-16 20:21:06 WARN  OptionServiceImpl:142 - Inconsistency can't be set due to existing dependency in trees
2015-08-16 20:21:06 INFO  OptionServiceImpl:170 - addDependency, opt Ids:2 3
2015-08-16 20:21:06 INFO  OptionServiceImpl$OptionServiceUtil:339 - getting AllDependentOptionTree for optionId3
2015-08-16 20:21:06 INFO  OptionServiceImpl$OptionServiceUtil:377 - getting AllRequiredOptionTree for optionId2
2015-08-16 20:21:06 INFO  OptionServiceImpl$OptionServiceUtil:339 - getting AllDependentOptionTree for optionId3
2015-08-16 20:21:06 INFO  OptionServiceImpl$OptionServiceUtil:377 - getting AllRequiredOptionTree for optionId3
2015-08-16 20:21:06 WARN  OptionServiceImpl:183 - dependency can't be set due to inconsistency in trees
2015-08-16 20:21:06 INFO  DefaultTestContextBootstrapper:256 - Loaded default TestExecutionListener class names from location [META-INF/spring.factories]: [org.springframework.test.context.web.ServletTestExecutionListener, org.springframework.test.context.support.DependencyInjectionTestExecutionListener, org.springframework.test.context.support.DirtiesContextTestExecutionListener, org.springframework.test.context.transaction.TransactionalTestExecutionListener, org.springframework.test.context.jdbc.SqlScriptsTestExecutionListener]
2015-08-16 20:21:06 INFO  DefaultTestContextBootstrapper:182 - Using TestExecutionListeners: [org.springframework.test.context.web.ServletTestExecutionListener@5fd4f8f5, org.springframework.test.context.support.DependencyInjectionTestExecutionListener@696da30b, org.springframework.test.context.support.DirtiesContextTestExecutionListener@4e7912d8, org.springframework.test.context.transaction.TransactionalTestExecutionListener@53976f5c, org.springframework.test.context.jdbc.SqlScriptsTestExecutionListener@2bfc268b]
2015-08-16 20:21:06 INFO  GenericApplicationContext:510 - Refreshing org.springframework.context.support.GenericApplicationContext@2f8dad04: startup date [Sun Aug 16 20:21:06 MSK 2015]; root of context hierarchy
2015-08-16 20:21:06 INFO  GenericApplicationContext:862 - Closing org.springframework.context.support.GenericApplicationContext@31610302: startup date [Sun Aug 16 20:21:05 MSK 2015]; root of context hierarchy
2015-08-16 20:21:06 INFO  GenericApplicationContext:862 - Closing org.springframework.context.support.GenericApplicationContext@3911c2a7: startup date [Sun Aug 16 20:21:06 MSK 2015]; root of context hierarchy
2015-08-16 20:21:06 INFO  GenericApplicationContext:862 - Closing org.springframework.context.support.GenericApplicationContext@2f8dad04: startup date [Sun Aug 16 20:21:06 MSK 2015]; root of context hierarchy
2015-08-16 20:33:26 INFO  DefaultTestContextBootstrapper:256 - Loaded default TestExecutionListener class names from location [META-INF/spring.factories]: [org.springframework.test.context.web.ServletTestExecutionListener, org.springframework.test.context.support.DependencyInjectionTestExecutionListener, org.springframework.test.context.support.DirtiesContextTestExecutionListener, org.springframework.test.context.transaction.TransactionalTestExecutionListener, org.springframework.test.context.jdbc.SqlScriptsTestExecutionListener]
2015-08-16 20:33:26 INFO  DefaultTestContextBootstrapper:182 - Using TestExecutionListeners: [org.springframework.test.context.web.ServletTestExecutionListener@343f4d3d, org.springframework.test.context.support.DependencyInjectionTestExecutionListener@53b32d7, org.springframework.test.context.support.DirtiesContextTestExecutionListener@5442a311, org.springframework.test.context.transaction.TransactionalTestExecutionListener@548e7350, org.springframework.test.context.jdbc.SqlScriptsTestExecutionListener@1a968a59]
2015-08-16 20:33:27 INFO  GenericApplicationContext:510 - Refreshing org.springframework.context.support.GenericApplicationContext@31610302: startup date [Sun Aug 16 20:33:27 MSK 2015]; root of context hierarchy
2015-08-16 20:33:27 INFO  DefaultTestContextBootstrapper:256 - Loaded default TestExecutionListener class names from location [META-INF/spring.factories]: [org.springframework.test.context.web.ServletTestExecutionListener, org.springframework.test.context.support.DependencyInjectionTestExecutionListener, org.springframework.test.context.support.DirtiesContextTestExecutionListener, org.springframework.test.context.transaction.TransactionalTestExecutionListener, org.springframework.test.context.jdbc.SqlScriptsTestExecutionListener]
2015-08-16 20:33:27 INFO  DefaultTestContextBootstrapper:182 - Using TestExecutionListeners: [org.springframework.test.context.web.ServletTestExecutionListener@1817d444, org.springframework.test.context.support.DependencyInjectionTestExecutionListener@6ca8564a, org.springframework.test.context.support.DirtiesContextTestExecutionListener@50b472aa, org.springframework.test.context.transaction.TransactionalTestExecutionListener@31368b99, org.springframework.test.context.jdbc.SqlScriptsTestExecutionListener@1725dc0f]
2015-08-16 20:33:27 INFO  GenericApplicationContext:510 - Refreshing org.springframework.context.support.GenericApplicationContext@3911c2a7: startup date [Sun Aug 16 20:33:27 MSK 2015]; root of context hierarchy
2015-08-16 20:33:28 INFO  OptionServiceImpl$OptionServiceUtil:377 - getting AllRequiredOptionTree for optionId2
2015-08-16 20:33:28 INFO  OptionServiceImpl$OptionServiceUtil:377 - getting AllRequiredOptionTree for optionId4
2015-08-16 20:33:28 INFO  OptionServiceImpl$OptionServiceUtil:377 - getting AllRequiredOptionTree for optionId2
2015-08-16 20:33:28 INFO  OptionServiceImpl$OptionServiceUtil:377 - getting AllRequiredOptionTree for optionId4
2015-08-16 20:33:28 INFO  OptionServiceImpl$OptionServiceUtil:377 - getting AllRequiredOptionTree for optionId2
2015-08-16 20:33:28 INFO  OptionServiceImpl$OptionServiceUtil:377 - getting AllRequiredOptionTree for optionId5
2015-08-16 20:33:28 INFO  OptionServiceImpl$OptionServiceUtil:377 - getting AllRequiredOptionTree for optionId3
2015-08-16 20:33:28 INFO  OptionServiceImpl:131 - addInconsistency, opt Ids:1 3
2015-08-16 20:33:28 INFO  OptionServiceImpl$OptionServiceUtil:339 - getting AllDependentOptionTree for optionId1
2015-08-16 20:33:28 INFO  OptionServiceImpl$OptionServiceUtil:339 - getting AllDependentOptionTree for optionId3
2015-08-16 20:33:28 INFO  OptionServiceImpl$OptionServiceUtil:339 - getting AllDependentOptionTree for optionId1
2015-08-16 20:33:28 INFO  OptionServiceImpl:170 - addDependency, opt Ids:1 2
2015-08-16 20:33:28 INFO  OptionServiceImpl$OptionServiceUtil:339 - getting AllDependentOptionTree for optionId2
2015-08-16 20:33:28 INFO  OptionServiceImpl$OptionServiceUtil:377 - getting AllRequiredOptionTree for optionId1
2015-08-16 20:33:28 INFO  OptionServiceImpl$OptionServiceUtil:339 - getting AllDependentOptionTree for optionId2
2015-08-16 20:33:28 INFO  OptionServiceImpl$OptionServiceUtil:377 - getting AllRequiredOptionTree for optionId2
2015-08-16 20:33:28 INFO  OptionServiceImpl:191 - addDependency added successfully
2015-08-16 20:33:28 INFO  OptionServiceImpl:170 - addDependency, opt Ids:3 1
2015-08-16 20:33:28 INFO  OptionServiceImpl$OptionServiceUtil:339 - getting AllDependentOptionTree for optionId1
2015-08-16 20:33:28 WARN  OptionServiceImpl:188 - dependency can't be set due to it will cause a cycle
2015-08-16 20:33:28 INFO  OptionServiceImpl$OptionServiceUtil:377 - getting AllRequiredOptionTree for optionId2
2015-08-16 20:33:28 INFO  OptionServiceImpl$OptionServiceUtil:377 - getting AllRequiredOptionTree for optionId4
2015-08-16 20:33:28 INFO  OptionServiceImpl$OptionServiceUtil:377 - getting AllRequiredOptionTree for optionId2
2015-08-16 20:33:28 INFO  OptionServiceImpl$OptionServiceUtil:377 - getting AllRequiredOptionTree for optionId4
2015-08-16 20:33:28 INFO  OptionServiceImpl:131 - addInconsistency, opt Ids:1 3
2015-08-16 20:33:28 INFO  OptionServiceImpl$OptionServiceUtil:339 - getting AllDependentOptionTree for optionId1
2015-08-16 20:33:28 INFO  OptionServiceImpl$OptionServiceUtil:339 - getting AllDependentOptionTree for optionId3
2015-08-16 20:33:28 WARN  OptionServiceImpl:142 - Inconsistency can't be set due to existing dependency in trees
2015-08-16 20:33:28 INFO  OptionServiceImpl:170 - addDependency, opt Ids:2 3
2015-08-16 20:33:28 INFO  OptionServiceImpl$OptionServiceUtil:339 - getting AllDependentOptionTree for optionId3
2015-08-16 20:33:28 INFO  OptionServiceImpl$OptionServiceUtil:377 - getting AllRequiredOptionTree for optionId2
2015-08-16 20:33:28 INFO  OptionServiceImpl$OptionServiceUtil:339 - getting AllDependentOptionTree for optionId3
2015-08-16 20:33:28 INFO  OptionServiceImpl$OptionServiceUtil:377 - getting AllRequiredOptionTree for optionId3
2015-08-16 20:33:28 WARN  OptionServiceImpl:183 - dependency can't be set due to inconsistency in trees
2015-08-16 20:33:28 INFO  DefaultTestContextBootstrapper:256 - Loaded default TestExecutionListener class names from location [META-INF/spring.factories]: [org.springframework.test.context.web.ServletTestExecutionListener, org.springframework.test.context.support.DependencyInjectionTestExecutionListener, org.springframework.test.context.support.DirtiesContextTestExecutionListener, org.springframework.test.context.transaction.TransactionalTestExecutionListener, org.springframework.test.context.jdbc.SqlScriptsTestExecutionListener]
2015-08-16 20:33:28 INFO  DefaultTestContextBootstrapper:182 - Using TestExecutionListeners: [org.springframework.test.context.web.ServletTestExecutionListener@5fd4f8f5, org.springframework.test.context.support.DependencyInjectionTestExecutionListener@696da30b, org.springframework.test.context.support.DirtiesContextTestExecutionListener@4e7912d8, org.springframework.test.context.transaction.TransactionalTestExecutionListener@53976f5c, org.springframework.test.context.jdbc.SqlScriptsTestExecutionListener@2bfc268b]
2015-08-16 20:33:28 INFO  GenericApplicationContext:510 - Refreshing org.springframework.context.support.GenericApplicationContext@2f8dad04: startup date [Sun Aug 16 20:33:28 MSK 2015]; root of context hierarchy
2015-08-16 20:33:28 INFO  GenericApplicationContext:862 - Closing org.springframework.context.support.GenericApplicationContext@31610302: startup date [Sun Aug 16 20:33:27 MSK 2015]; root of context hierarchy
2015-08-16 20:33:29 INFO  GenericApplicationContext:862 - Closing org.springframework.context.support.GenericApplicationContext@3911c2a7: startup date [Sun Aug 16 20:33:27 MSK 2015]; root of context hierarchy
2015-08-16 20:33:29 INFO  GenericApplicationContext:862 - Closing org.springframework.context.support.GenericApplicationContext@2f8dad04: startup date [Sun Aug 16 20:33:28 MSK 2015]; root of context hierarchy
2015-08-16 20:38:05 INFO  DefaultTestContextBootstrapper:256 - Loaded default TestExecutionListener class names from location [META-INF/spring.factories]: [org.springframework.test.context.web.ServletTestExecutionListener, org.springframework.test.context.support.DependencyInjectionTestExecutionListener, org.springframework.test.context.support.DirtiesContextTestExecutionListener, org.springframework.test.context.transaction.TransactionalTestExecutionListener, org.springframework.test.context.jdbc.SqlScriptsTestExecutionListener]
2015-08-16 20:38:05 INFO  DefaultTestContextBootstrapper:182 - Using TestExecutionListeners: [org.springframework.test.context.web.ServletTestExecutionListener@343f4d3d, org.springframework.test.context.support.DependencyInjectionTestExecutionListener@53b32d7, org.springframework.test.context.support.DirtiesContextTestExecutionListener@5442a311, org.springframework.test.context.transaction.TransactionalTestExecutionListener@548e7350, org.springframework.test.context.jdbc.SqlScriptsTestExecutionListener@1a968a59]
2015-08-16 20:38:05 INFO  GenericApplicationContext:510 - Refreshing org.springframework.context.support.GenericApplicationContext@31610302: startup date [Sun Aug 16 20:38:05 MSK 2015]; root of context hierarchy
2015-08-16 20:38:06 INFO  DefaultTestContextBootstrapper:256 - Loaded default TestExecutionListener class names from location [META-INF/spring.factories]: [org.springframework.test.context.web.ServletTestExecutionListener, org.springframework.test.context.support.DependencyInjectionTestExecutionListener, org.springframework.test.context.support.DirtiesContextTestExecutionListener, org.springframework.test.context.transaction.TransactionalTestExecutionListener, org.springframework.test.context.jdbc.SqlScriptsTestExecutionListener]
2015-08-16 20:38:06 INFO  DefaultTestContextBootstrapper:182 - Using TestExecutionListeners: [org.springframework.test.context.web.ServletTestExecutionListener@1817d444, org.springframework.test.context.support.DependencyInjectionTestExecutionListener@6ca8564a, org.springframework.test.context.support.DirtiesContextTestExecutionListener@50b472aa, org.springframework.test.context.transaction.TransactionalTestExecutionListener@31368b99, org.springframework.test.context.jdbc.SqlScriptsTestExecutionListener@1725dc0f]
2015-08-16 20:38:06 INFO  GenericApplicationContext:510 - Refreshing org.springframework.context.support.GenericApplicationContext@3911c2a7: startup date [Sun Aug 16 20:38:06 MSK 2015]; root of context hierarchy
2015-08-16 20:38:06 INFO  OptionServiceImpl$OptionServiceUtil:377 - getting AllRequiredOptionTree for optionId2
2015-08-16 20:38:06 INFO  OptionServiceImpl$OptionServiceUtil:377 - getting AllRequiredOptionTree for optionId4
2015-08-16 20:38:06 INFO  OptionServiceImpl$OptionServiceUtil:377 - getting AllRequiredOptionTree for optionId2
2015-08-16 20:38:06 INFO  OptionServiceImpl$OptionServiceUtil:377 - getting AllRequiredOptionTree for optionId4
2015-08-16 20:38:06 INFO  OptionServiceImpl$OptionServiceUtil:377 - getting AllRequiredOptionTree for optionId2
2015-08-16 20:38:06 INFO  OptionServiceImpl$OptionServiceUtil:377 - getting AllRequiredOptionTree for optionId5
2015-08-16 20:38:06 INFO  OptionServiceImpl$OptionServiceUtil:377 - getting AllRequiredOptionTree for optionId3
2015-08-16 20:38:06 INFO  OptionServiceImpl:131 - addInconsistency, opt Ids:1 3
2015-08-16 20:38:06 INFO  OptionServiceImpl$OptionServiceUtil:339 - getting AllDependentOptionTree for optionId1
2015-08-16 20:38:06 INFO  OptionServiceImpl$OptionServiceUtil:339 - getting AllDependentOptionTree for optionId3
2015-08-16 20:38:06 INFO  OptionServiceImpl$OptionServiceUtil:339 - getting AllDependentOptionTree for optionId1
2015-08-16 20:38:06 INFO  OptionServiceImpl:170 - addDependency, opt Ids:1 2
2015-08-16 20:38:06 INFO  OptionServiceImpl$OptionServiceUtil:339 - getting AllDependentOptionTree for optionId2
2015-08-16 20:38:06 INFO  OptionServiceImpl$OptionServiceUtil:377 - getting AllRequiredOptionTree for optionId1
2015-08-16 20:38:06 INFO  OptionServiceImpl$OptionServiceUtil:339 - getting AllDependentOptionTree for optionId2
2015-08-16 20:38:06 INFO  OptionServiceImpl$OptionServiceUtil:377 - getting AllRequiredOptionTree for optionId2
2015-08-16 20:38:06 INFO  OptionServiceImpl:191 - addDependency added successfully
2015-08-16 20:38:06 INFO  OptionServiceImpl:170 - addDependency, opt Ids:3 1
2015-08-16 20:38:06 INFO  OptionServiceImpl$OptionServiceUtil:339 - getting AllDependentOptionTree for optionId1
2015-08-16 20:38:06 WARN  OptionServiceImpl:188 - dependency can't be set due to it will cause a cycle
2015-08-16 20:38:06 INFO  OptionServiceImpl$OptionServiceUtil:377 - getting AllRequiredOptionTree for optionId2
2015-08-16 20:38:06 INFO  OptionServiceImpl$OptionServiceUtil:377 - getting AllRequiredOptionTree for optionId4
2015-08-16 20:38:06 INFO  OptionServiceImpl$OptionServiceUtil:377 - getting AllRequiredOptionTree for optionId2
2015-08-16 20:38:06 INFO  OptionServiceImpl$OptionServiceUtil:377 - getting AllRequiredOptionTree for optionId4
2015-08-16 20:38:07 INFO  OptionServiceImpl:131 - addInconsistency, opt Ids:1 3
2015-08-16 20:38:07 INFO  OptionServiceImpl$OptionServiceUtil:339 - getting AllDependentOptionTree for optionId1
2015-08-16 20:38:07 INFO  OptionServiceImpl$OptionServiceUtil:339 - getting AllDependentOptionTree for optionId3
2015-08-16 20:38:07 WARN  OptionServiceImpl:142 - Inconsistency can't be set due to existing dependency in trees
2015-08-16 20:38:07 INFO  OptionServiceImpl:170 - addDependency, opt Ids:2 3
2015-08-16 20:38:07 INFO  OptionServiceImpl$OptionServiceUtil:339 - getting AllDependentOptionTree for optionId3
2015-08-16 20:38:07 INFO  OptionServiceImpl$OptionServiceUtil:377 - getting AllRequiredOptionTree for optionId2
2015-08-16 20:38:07 INFO  OptionServiceImpl$OptionServiceUtil:339 - getting AllDependentOptionTree for optionId3
2015-08-16 20:38:07 INFO  OptionServiceImpl$OptionServiceUtil:377 - getting AllRequiredOptionTree for optionId3
2015-08-16 20:38:07 WARN  OptionServiceImpl:183 - dependency can't be set due to inconsistency in trees
2015-08-16 20:38:07 INFO  DefaultTestContextBootstrapper:256 - Loaded default TestExecutionListener class names from location [META-INF/spring.factories]: [org.springframework.test.context.web.ServletTestExecutionListener, org.springframework.test.context.support.DependencyInjectionTestExecutionListener, org.springframework.test.context.support.DirtiesContextTestExecutionListener, org.springframework.test.context.transaction.TransactionalTestExecutionListener, org.springframework.test.context.jdbc.SqlScriptsTestExecutionListener]
2015-08-16 20:38:07 INFO  DefaultTestContextBootstrapper:182 - Using TestExecutionListeners: [org.springframework.test.context.web.ServletTestExecutionListener@5fd4f8f5, org.springframework.test.context.support.DependencyInjectionTestExecutionListener@696da30b, org.springframework.test.context.support.DirtiesContextTestExecutionListener@4e7912d8, org.springframework.test.context.transaction.TransactionalTestExecutionListener@53976f5c, org.springframework.test.context.jdbc.SqlScriptsTestExecutionListener@2bfc268b]
2015-08-16 20:38:07 INFO  GenericApplicationContext:510 - Refreshing org.springframework.context.support.GenericApplicationContext@2f8dad04: startup date [Sun Aug 16 20:38:07 MSK 2015]; root of context hierarchy
2015-08-16 20:38:07 INFO  GenericApplicationContext:862 - Closing org.springframework.context.support.GenericApplicationContext@3911c2a7: startup date [Sun Aug 16 20:38:06 MSK 2015]; root of context hierarchy
2015-08-16 20:38:07 INFO  GenericApplicationContext:862 - Closing org.springframework.context.support.GenericApplicationContext@2f8dad04: startup date [Sun Aug 16 20:38:07 MSK 2015]; root of context hierarchy
2015-08-16 20:38:07 INFO  GenericApplicationContext:862 - Closing org.springframework.context.support.GenericApplicationContext@31610302: startup date [Sun Aug 16 20:38:05 MSK 2015]; root of context hierarchy
2015-08-16 20:47:00 INFO  DefaultTestContextBootstrapper:256 - Loaded default TestExecutionListener class names from location [META-INF/spring.factories]: [org.springframework.test.context.web.ServletTestExecutionListener, org.springframework.test.context.support.DependencyInjectionTestExecutionListener, org.springframework.test.context.support.DirtiesContextTestExecutionListener, org.springframework.test.context.transaction.TransactionalTestExecutionListener, org.springframework.test.context.jdbc.SqlScriptsTestExecutionListener]
2015-08-16 20:47:01 INFO  DefaultTestContextBootstrapper:182 - Using TestExecutionListeners: [org.springframework.test.context.web.ServletTestExecutionListener@4f7d0008, org.springframework.test.context.support.DependencyInjectionTestExecutionListener@271053e1, org.springframework.test.context.support.DirtiesContextTestExecutionListener@589838eb, org.springframework.test.context.transaction.TransactionalTestExecutionListener@42dafa95, org.springframework.test.context.jdbc.SqlScriptsTestExecutionListener@6500df86]
2015-08-16 20:47:01 INFO  GenericApplicationContext:510 - Refreshing org.springframework.context.support.GenericApplicationContext@3108bc: startup date [Sun Aug 16 20:47:01 MSK 2015]; root of context hierarchy
2015-08-16 20:47:02 INFO  DefaultTestContextBootstrapper:256 - Loaded default TestExecutionListener class names from location [META-INF/spring.factories]: [org.springframework.test.context.web.ServletTestExecutionListener, org.springframework.test.context.support.DependencyInjectionTestExecutionListener, org.springframework.test.context.support.DirtiesContextTestExecutionListener, org.springframework.test.context.transaction.TransactionalTestExecutionListener, org.springframework.test.context.jdbc.SqlScriptsTestExecutionListener]
2015-08-16 20:47:02 INFO  DefaultTestContextBootstrapper:182 - Using TestExecutionListeners: [org.springframework.test.context.web.ServletTestExecutionListener@3427b02d, org.springframework.test.context.support.DependencyInjectionTestExecutionListener@647e447, org.springframework.test.context.support.DirtiesContextTestExecutionListener@41fbdac4, org.springframework.test.context.transaction.TransactionalTestExecutionListener@3c407114, org.springframework.test.context.jdbc.SqlScriptsTestExecutionListener@35ef1869]
2015-08-16 20:47:02 INFO  GenericApplicationContext:510 - Refreshing org.springframework.context.support.GenericApplicationContext@c33b74f: startup date [Sun Aug 16 20:47:02 MSK 2015]; root of context hierarchy
2015-08-16 20:47:04 INFO  OptionServiceImpl$OptionServiceUtil:377 - getting AllRequiredOptionTree for optionId2
2015-08-16 20:47:04 INFO  OptionServiceImpl$OptionServiceUtil:377 - getting AllRequiredOptionTree for optionId4
2015-08-16 20:47:04 INFO  OptionServiceImpl$OptionServiceUtil:377 - getting AllRequiredOptionTree for optionId2
2015-08-16 20:47:04 INFO  OptionServiceImpl$OptionServiceUtil:377 - getting AllRequiredOptionTree for optionId4
2015-08-16 20:47:04 INFO  OptionServiceImpl$OptionServiceUtil:377 - getting AllRequiredOptionTree for optionId2
2015-08-16 20:47:04 INFO  OptionServiceImpl$OptionServiceUtil:377 - getting AllRequiredOptionTree for optionId5
2015-08-16 20:47:04 INFO  OptionServiceImpl$OptionServiceUtil:377 - getting AllRequiredOptionTree for optionId3
2015-08-16 20:47:04 INFO  OptionServiceImpl:131 - addInconsistency, opt Ids:1 3
2015-08-16 20:47:04 INFO  OptionServiceImpl$OptionServiceUtil:339 - getting AllDependentOptionTree for optionId1
2015-08-16 20:47:04 INFO  OptionServiceImpl$OptionServiceUtil:339 - getting AllDependentOptionTree for optionId3
2015-08-16 20:47:04 INFO  OptionServiceImpl$OptionServiceUtil:339 - getting AllDependentOptionTree for optionId1
2015-08-16 20:47:04 INFO  OptionServiceImpl:170 - addDependency, opt Ids:1 2
2015-08-16 20:47:04 INFO  OptionServiceImpl$OptionServiceUtil:339 - getting AllDependentOptionTree for optionId2
2015-08-16 20:47:04 INFO  OptionServiceImpl$OptionServiceUtil:377 - getting AllRequiredOptionTree for optionId1
2015-08-16 20:47:04 INFO  OptionServiceImpl$OptionServiceUtil:339 - getting AllDependentOptionTree for optionId2
2015-08-16 20:47:04 INFO  OptionServiceImpl$OptionServiceUtil:377 - getting AllRequiredOptionTree for optionId2
2015-08-16 20:47:04 INFO  OptionServiceImpl:191 - addDependency added successfully
2015-08-16 20:47:04 INFO  OptionServiceImpl:170 - addDependency, opt Ids:3 1
2015-08-16 20:47:04 INFO  OptionServiceImpl$OptionServiceUtil:339 - getting AllDependentOptionTree for optionId1
2015-08-16 20:47:04 WARN  OptionServiceImpl:188 - dependency can't be set due to it will cause a cycle
2015-08-16 20:47:04 INFO  OptionServiceImpl$OptionServiceUtil:377 - getting AllRequiredOptionTree for optionId2
2015-08-16 20:47:04 INFO  OptionServiceImpl$OptionServiceUtil:377 - getting AllRequiredOptionTree for optionId4
2015-08-16 20:47:04 INFO  OptionServiceImpl$OptionServiceUtil:377 - getting AllRequiredOptionTree for optionId2
2015-08-16 20:47:04 INFO  OptionServiceImpl$OptionServiceUtil:377 - getting AllRequiredOptionTree for optionId4
2015-08-16 20:47:04 INFO  OptionServiceImpl:131 - addInconsistency, opt Ids:1 3
2015-08-16 20:47:04 INFO  OptionServiceImpl$OptionServiceUtil:339 - getting AllDependentOptionTree for optionId1
2015-08-16 20:47:04 INFO  OptionServiceImpl$OptionServiceUtil:339 - getting AllDependentOptionTree for optionId3
2015-08-16 20:47:04 WARN  OptionServiceImpl:142 - Inconsistency can't be set due to existing dependency in trees
2015-08-16 20:47:04 INFO  OptionServiceImpl:170 - addDependency, opt Ids:2 3
2015-08-16 20:47:04 INFO  OptionServiceImpl$OptionServiceUtil:339 - getting AllDependentOptionTree for optionId3
2015-08-16 20:47:04 INFO  OptionServiceImpl$OptionServiceUtil:377 - getting AllRequiredOptionTree for optionId2
2015-08-16 20:47:04 INFO  OptionServiceImpl$OptionServiceUtil:339 - getting AllDependentOptionTree for optionId3
2015-08-16 20:47:04 INFO  OptionServiceImpl$OptionServiceUtil:377 - getting AllRequiredOptionTree for optionId3
2015-08-16 20:47:04 WARN  OptionServiceImpl:183 - dependency can't be set due to inconsistency in trees
2015-08-16 20:47:04 INFO  DefaultTestContextBootstrapper:256 - Loaded default TestExecutionListener class names from location [META-INF/spring.factories]: [org.springframework.test.context.web.ServletTestExecutionListener, org.springframework.test.context.support.DependencyInjectionTestExecutionListener, org.springframework.test.context.support.DirtiesContextTestExecutionListener, org.springframework.test.context.transaction.TransactionalTestExecutionListener, org.springframework.test.context.jdbc.SqlScriptsTestExecutionListener]
2015-08-16 20:47:04 INFO  DefaultTestContextBootstrapper:182 - Using TestExecutionListeners: [org.springframework.test.context.web.ServletTestExecutionListener@536f2a7e, org.springframework.test.context.support.DependencyInjectionTestExecutionListener@72bc6553, org.springframework.test.context.support.DirtiesContextTestExecutionListener@66982506, org.springframework.test.context.transaction.TransactionalTestExecutionListener@70cf32e3, org.springframework.test.context.jdbc.SqlScriptsTestExecutionListener@5a59ca5e]
2015-08-16 20:47:04 INFO  GenericApplicationContext:510 - Refreshing org.springframework.context.support.GenericApplicationContext@4bdeaabb: startup date [Sun Aug 16 20:47:04 MSK 2015]; root of context hierarchy
2015-08-16 20:47:04 INFO  GenericApplicationContext:862 - Closing org.springframework.context.support.GenericApplicationContext@3108bc: startup date [Sun Aug 16 20:47:01 MSK 2015]; root of context hierarchy
2015-08-16 20:47:04 INFO  GenericApplicationContext:862 - Closing org.springframework.context.support.GenericApplicationContext@4bdeaabb: startup date [Sun Aug 16 20:47:04 MSK 2015]; root of context hierarchy
2015-08-16 20:47:04 INFO  GenericApplicationContext:862 - Closing org.springframework.context.support.GenericApplicationContext@c33b74f: startup date [Sun Aug 16 20:47:02 MSK 2015]; root of context hierarchy
